[ 2016-09-20T10:09:06+08:00 ] ::1 /tp/index.php
INFO: [ app_init ] --START--
INFO: Run Behavior\BuildLiteBehavior [ RunTime:0.000016s ]
INFO: [ app_init ] --END-- [ RunTime:0.000567s ]

[ 2016-09-20T10:10:15+08:00 ] ::1 /tp/index.php
INFO: [ app_init ] --START--
INFO: Run Behavior\BuildLiteBehavior [ RunTime:0.000016s ]
INFO: [ app_init ] --END-- [ RunTime:0.000556s ]

[ 2016-09-20T10:10:16+08:00 ] ::1 /tp/index.php
INFO: [ app_init ] --START--
INFO: Run Behavior\BuildLiteBehavior [ RunTime:0.000016s ]
INFO: [ app_init ] --END-- [ RunTime:0.000544s ]

[ 2016-09-20T10:10:23+08:00 ] ::1 /tp/index.php
INFO: [ app_init ] --START--
INFO: Run Behavior\BuildLiteBehavior [ RunTime:0.000015s ]
INFO: [ app_init ] --END-- [ RunTime:0.000441s ]

[ 2016-09-20T10:10:24+08:00 ] ::1 /tp/index.php
INFO: [ app_init ] --START--
INFO: Run Behavior\BuildLiteBehavior [ RunTime:0.000022s ]
INFO: [ app_init ] --END-- [ RunTime:0.000623s ]

[ 2016-09-20T10:10:27+08:00 ] ::1 /tp/index.php
INFO: [ app_init ] --START--
INFO: Run Behavior\BuildLiteBehavior [ RunTime:0.000024s ]
INFO: [ app_init ] --END-- [ RunTime:0.000638s ]

[ 2016-09-20T10:10:32+08:00 ] ::1 /tp/index.php
INFO: [ app_init ] --START--
INFO: Run Behavior\BuildLiteBehavior [ RunTime:0.000017s ]
INFO: [ app_init ] --END-- [ RunTime:0.000684s ]

[ 2016-09-20T10:10:54+08:00 ] ::1 /tp/index.php
INFO: [ app_init ] --START--
INFO: Run Behavior\BuildLiteBehavior [ RunTime:0.000024s ]
INFO: [ app_init ] --END-- [ RunTime:0.000540s ]

[ 2016-09-20T10:10:55+08:00 ] ::1 /tp/index.php
INFO: [ app_init ] --START--
INFO: Run Behavior\BuildLiteBehavior [ RunTime:0.000016s ]
INFO: [ app_init ] --END-- [ RunTime:0.000523s ]

[ 2016-09-20T10:11:18+08:00 ] ::1 /tp/index.php
INFO: [ app_init ] --START--
INFO: Run Behavior\BuildLiteBehavior [ RunTime:0.000015s ]
INFO: [ app_init ] --END-- [ RunTime:0.000420s ]

[ 2016-09-20T10:11:50+08:00 ] ::1 /tp/index.php
INFO: [ app_init ] --START--
INFO: Run Behavior\BuildLiteBehavior [ RunTime:0.000025s ]
INFO: [ app_init ] --END-- [ RunTime:0.000627s ]

[ 2016-09-20T10:12:57+08:00 ] ::1 /tp/index.php
INFO: [ app_init ] --START--
INFO: Run Behavior\BuildLiteBehavior [ RunTime:0.000018s ]
INFO: [ app_init ] --END-- [ RunTime:0.000581s ]

[ 2016-09-20T10:13:03+08:00 ] ::1 /tp/index.php
INFO: [ app_init ] --START--
INFO: Run Behavior\BuildLiteBehavior [ RunTime:0.000015s ]
INFO: [ app_init ] --END-- [ RunTime:0.000434s ]

[ 2016-09-20T10:13:05+08:00 ] ::1 /tp/index.php
INFO: [ app_init ] --START--
INFO: Run Behavior\BuildLiteBehavior [ RunTime:0.000015s ]
INFO: [ app_init ] --END-- [ RunTime:0.000417s ]

[ 2016-09-20T10:13:56+08:00 ] ::1 /tp/index.php/Home/Index/showBlog/cate_id/1.html
INFO: [ app_init ] --START--
INFO: Run Behavior\BuildLiteBehavior [ RunTime:0.000017s ]
INFO: [ app_init ] --END-- [ RunTime:0.000589s ]

[ 2016-09-20T10:13:59+08:00 ] ::1 /tp/index.php/Home/Index/showBlog/cate_id/2.html
INFO: [ app_init ] --START--
INFO: Run Behavior\BuildLiteBehavior [ RunTime:0.000014s ]
INFO: [ app_init ] --END-- [ RunTime:0.000417s ]

[ 2016-09-20T10:14:01+08:00 ] ::1 /tp/index.php/Home/Index/showBlog/cate_id/3.html
INFO: [ app_init ] --START--
INFO: Run Behavior\BuildLiteBehavior [ RunTime:0.000013s ]
INFO: [ app_init ] --END-- [ RunTime:0.000421s ]

[ 2016-09-20T10:17:23+08:00 ] ::1 /tp/index.php
INFO: [ app_init ] --START--
INFO: Run Behavior\BuildLiteBehavior [ RunTime:0.000026s ]
INFO: [ app_init ] --END-- [ RunTime:0.000761s ]

[ 2016-09-20T10:19:36+08:00 ] ::1 /tp/index.php
INFO: [ app_init ] --START--
INFO: Run Behavior\BuildLiteBehavior [ RunTime:0.000026s ]
INFO: [ app_init ] --END-- [ RunTime:0.000870s ]

[ 2016-09-20T10:19:55+08:00 ] ::1 /tp/index.php
INFO: [ app_init ] --START--
INFO: Run Behavior\BuildLiteBehavior [ RunTime:0.000029s ]
INFO: [ app_init ] --END-- [ RunTime:0.000744s ]

[ 2016-09-20T10:22:00+08:00 ] ::1 /tp/index.php
INFO: [ app_init ] --START--
INFO: Run Behavior\BuildLiteBehavior [ RunTime:0.000016s ]
INFO: [ app_init ] --END-- [ RunTime:0.000579s ]

[ 2016-09-20T10:22:01+08:00 ] ::1 /tp/index.php
INFO: [ app_init ] --START--
INFO: Run Behavior\BuildLiteBehavior [ RunTime:0.000018s ]
INFO: [ app_init ] --END-- [ RunTime:0.000587s ]

[ 2016-09-20T10:22:16+08:00 ] ::1 /tp/index.php
INFO: [ app_init ] --START--
INFO: Run Behavior\BuildLiteBehavior [ RunTime:0.000015s ]
INFO: [ app_init ] --END-- [ RunTime:0.000439s ]

[ 2016-09-20T10:23:26+08:00 ] ::1 /tp/index.php
INFO: [ app_init ] --START--
INFO: Run Behavior\BuildLiteBehavior [ RunTime:0.000023s ]
INFO: [ app_init ] --END-- [ RunTime:0.000625s ]

[ 2016-09-20T10:23:50+08:00 ] ::1 /tp/index.php
INFO: [ app_init ] --START--
INFO: Run Behavior\BuildLiteBehavior [ RunTime:0.000027s ]
INFO: [ app_init ] --END-- [ RunTime:0.000748s ]

[ 2016-09-20T10:26:17+08:00 ] ::1 /tp/index.php
INFO: [ app_init ] --START--
INFO: Run Behavior\BuildLiteBehavior [ RunTime:0.000015s ]
INFO: [ app_init ] --END-- [ RunTime:0.000448s ]

[ 2016-09-20T10:26:49+08:00 ] ::1 /tp/index.php
INFO: [ app_init ] --START--
INFO: Run Behavior\BuildLiteBehavior [ RunTime:0.000016s ]
INFO: [ app_init ] --END-- [ RunTime:0.000570s ]

[ 2016-09-20T10:27:17+08:00 ] ::1 /tp/index.php
INFO: [ app_init ] --START--
INFO: Run Behavior\BuildLiteBehavior [ RunTime:0.000016s ]
INFO: [ app_init ] --END-- [ RunTime:0.000619s ]

[ 2016-09-20T10:28:04+08:00 ] ::1 /tp/index.php
INFO: [ app_init ] --START--
INFO: Run Behavior\BuildLiteBehavior [ RunTime:0.000025s ]
INFO: [ app_init ] --END-- [ RunTime:0.000667s ]

[ 2016-09-20T10:28:24+08:00 ] ::1 /tp/index.php
INFO: [ app_init ] --START--
INFO: Run Behavior\BuildLiteBehavior [ RunTime:0.000019s ]
INFO: [ app_init ] --END-- [ RunTime:0.001023s ]

[ 2016-09-20T10:35:35+08:00 ] ::1 /tp/index.php
INFO: [ app_init ] --START--
INFO: Run Behavior\BuildLiteBehavior [ RunTime:0.000027s ]
INFO: [ app_init ] --END-- [ RunTime:0.000888s ]

[ 2016-09-20T10:46:26+08:00 ] ::1 /tp/index.php
INFO: [ app_init ] --START--
INFO: Run Behavior\BuildLiteBehavior [ RunTime:0.000015s ]
INFO: [ app_init ] --END-- [ RunTime:0.000477s ]

[ 2016-09-20T10:46:53+08:00 ] ::1 /tp/index.php
INFO: [ app_init ] --START--
INFO: Run Behavior\BuildLiteBehavior [ RunTime:0.000015s ]
INFO: [ app_init ] --END-- [ RunTime:0.000426s ]

[ 2016-09-20T10:48:33+08:00 ] ::1 /tp/index.php
INFO: [ app_init ] --START--
INFO: Run Behavior\BuildLiteBehavior [ RunTime:0.000018s ]
INFO: [ app_init ] --END-- [ RunTime:0.000891s ]

[ 2016-09-20T11:04:02+08:00 ] ::1 /tp/index.php
INFO: [ app_init ] --START--
INFO: Run Behavior\BuildLiteBehavior [ RunTime:0.000015s ]
INFO: [ app_init ] --END-- [ RunTime:0.000442s ]

[ 2016-09-20T12:08:05+08:00 ] ::1 /tp/index.php
INFO: [ app_init ] --START--
INFO: Run Behavior\BuildLiteBehavior [ RunTime:0.000015s ]
INFO: [ app_init ] --END-- [ RunTime:0.000603s ]

[ 2016-09-20T12:08:25+08:00 ] ::1 /tp/index.php/Home/Index/showBlog/cate_id/1.html
INFO: [ app_init ] --START--
INFO: Run Behavior\BuildLiteBehavior [ RunTime:0.000023s ]
INFO: [ app_init ] --END-- [ RunTime:0.001957s ]

[ 2016-09-20T12:08:28+08:00 ] ::1 /tp/index.php/Home/Index/showBlog/cate_id/2.html
INFO: [ app_init ] --START--
INFO: Run Behavior\BuildLiteBehavior [ RunTime:0.000016s ]
INFO: [ app_init ] --END-- [ RunTime:0.000472s ]

[ 2016-09-20T12:08:33+08:00 ] ::1 /tp/index.php/Home/Index/showBlog/cate_id/3.html
INFO: [ app_init ] --START--
INFO: Run Behavior\BuildLiteBehavior [ RunTime:0.000015s ]
INFO: [ app_init ] --END-- [ RunTime:0.000429s ]

[ 2016-09-20T12:08:37+08:00 ] ::1 /tp/index.php/Home/Index/showBlog/cate_id/2.html
INFO: [ app_init ] --START--
INFO: Run Behavior\BuildLiteBehavior [ RunTime:0.000018s ]
INFO: [ app_init ] --END-- [ RunTime:0.000700s ]

[ 2016-09-20T12:29:36+08:00 ] ::1 /tp/index.php/Home/Index/showBlog/cate_id/2.html
INFO: [ app_init ] --START--
INFO: Run Behavior\BuildLiteBehavior [ RunTime:0.000014s ]
INFO: [ app_init ] --END-- [ RunTime:0.000560s ]

[ 2016-09-20T12:31:07+08:00 ] ::1 /tp/index.php
INFO: [ app_init ] --START--
INFO: Run Behavior\BuildLiteBehavior [ RunTime:0.000101s ]
INFO: [ app_init ] --END-- [ RunTime:0.001281s ]

[ 2016-09-20T12:31:49+08:00 ] ::1 /tp/index.php
INFO: [ app_init ] --START--
INFO: Run Behavior\BuildLiteBehavior [ RunTime:0.000015s ]
INFO: [ app_init ] --END-- [ RunTime:0.000535s ]

[ 2016-09-20T12:34:11+08:00 ] ::1 /tp/index.php/Home/Index/showBlog/cate_id/2.html
INFO: [ app_init ] --START--
INFO: Run Behavior\BuildLiteBehavior [ RunTime:0.000015s ]
INFO: [ app_init ] --END-- [ RunTime:0.000544s ]

[ 2016-09-20T12:36:57+08:00 ] ::1 /tp/index.php/Home/Index/showBlog/cate_id/2.html
INFO: [ app_init ] --START--
INFO: Run Behavior\BuildLiteBehavior [ RunTime:0.000026s ]
INFO: [ app_init ] --END-- [ RunTime:0.000941s ]

[ 2016-09-20T12:39:19+08:00 ] ::1 /tp/index.php/Home/Index/showBlog/cate_id/2.html
INFO: [ app_init ] --START--
INFO: Run Behavior\BuildLiteBehavior [ RunTime:0.000016s ]
INFO: [ app_init ] --END-- [ RunTime:0.000574s ]

[ 2016-09-20T12:41:19+08:00 ] ::1 /tp/index.php/Home/Index/showBlog/cate_id/2.html
INFO: [ app_init ] --START--
INFO: Run Behavior\BuildLiteBehavior [ RunTime:0.000017s ]
INFO: [ app_init ] --END-- [ RunTime:0.000634s ]

[ 2016-09-20T12:42:00+08:00 ] ::1 /tp/index.php/Home/Index/showBlog/cate_id/2.html
INFO: [ app_init ] --START--
INFO: Run Behavior\BuildLiteBehavior [ RunTime:0.000028s ]
INFO: [ app_init ] --END-- [ RunTime:0.001034s ]

[ 2016-09-20T12:42:01+08:00 ] ::1 /tp/index.php/Home/Index/showBlog/cate_id/2.html
INFO: [ app_init ] --START--
INFO: Run Behavior\BuildLiteBehavior [ RunTime:0.000056s ]
INFO: [ app_init ] --END-- [ RunTime:0.001107s ]

[ 2016-09-20T12:42:06+08:00 ] ::1 /tp/index.php/Home/Index/showBlog/cate_id/2.html
INFO: [ app_init ] --START--
INFO: Run Behavior\BuildLiteBehavior [ RunTime:0.000016s ]
INFO: [ app_init ] --END-- [ RunTime:0.000560s ]

[ 2016-09-20T12:42:06+08:00 ] ::1 /tp/index.php/Home/Index/showBlog/cate_id/public/upload/image/20160920/57e0b13f84fc9.jpg
INFO: [ app_init ] --START--
INFO: Run Behavior\BuildLiteBehavior [ RunTime:0.000026s ]
INFO: [ app_init ] --END-- [ RunTime:0.000810s ]

[ 2016-09-20T12:42:06+08:00 ] ::1 /tp/index.php/Home/Index/showBlog/cate_id/public/upload/image/20160920/57e0bb67c8524.jpg
INFO: [ app_init ] --START--
INFO: Run Behavior\BuildLiteBehavior [ RunTime:0.000028s ]
INFO: [ app_init ] --END-- [ RunTime:0.000991s ]

[ 2016-09-20T12:42:06+08:00 ] ::1 /tp/index.php/Home/Index/showBlog/cate_id/public/upload/image/20160920/57e0bb7521fbb.jpg
INFO: [ app_init ] --START--
INFO: Run Behavior\BuildLiteBehavior [ RunTime:0.000030s ]
INFO: [ app_init ] --END-- [ RunTime:0.001048s ]

[ 2016-09-20T12:42:39+08:00 ] ::1 /tp/index.php/Home/Index/showBlog/cate_id/2.html
INFO: [ app_init ] --START--
INFO: Run Behavior\BuildLiteBehavior [ RunTime:0.000024s ]
INFO: [ app_init ] --END-- [ RunTime:0.000908s ]

[ 2016-09-20T12:44:10+08:00 ] ::1 /tp/index.php/Home/Index/showBlog/cate_id/2.html
INFO: [ app_init ] --START--
INFO: Run Behavior\BuildLiteBehavior [ RunTime:0.000015s ]
INFO: [ app_init ] --END-- [ RunTime:0.000595s ]

[ 2016-09-20T12:44:10+08:00 ] ::1 /tp/index.php/Home/Index/showBlog/cate_id/public/upload/image/20160920/57e0bb7521fbb.jpg
INFO: [ app_init ] --START--
INFO: Run Behavior\BuildLiteBehavior [ RunTime:0.000026s ]
INFO: [ app_init ] --END-- [ RunTime:0.000823s ]

[ 2016-09-20T12:44:10+08:00 ] ::1 /tp/index.php/Home/Index/showBlog/cate_id/public/upload/image/20160920/57e0b13f84fc9.jpg
INFO: [ app_init ] --START--
INFO: Run Behavior\BuildLiteBehavior [ RunTime:0.000029s ]
INFO: [ app_init ] --END-- [ RunTime:0.000983s ]

[ 2016-09-20T12:44:10+08:00 ] ::1 /tp/index.php/Home/Index/showBlog/cate_id/public/upload/image/20160920/57e0bb67c8524.jpg
INFO: [ app_init ] --START--
INFO: Run Behavior\BuildLiteBehavior [ RunTime:0.000030s ]
INFO: [ app_init ] --END-- [ RunTime:0.000978s ]

[ 2016-09-20T12:44:36+08:00 ] ::1 /tp/index.php/Home/Index/showBlog/cate_id/2.html
INFO: [ app_init ] --START--
INFO: Run Behavior\BuildLiteBehavior [ RunTime:0.000016s ]
INFO: [ app_init ] --END-- [ RunTime:0.000495s ]

[ 2016-09-20T12:44:36+08:00 ] ::1 /tp/index.php/Home/Index/showBlog/cate_id/public/upload/image/20160920/57e0bb7521fbb.jpg
INFO: [ app_init ] --START--
INFO: Run Behavior\BuildLiteBehavior [ RunTime:0.000028s ]
INFO: [ app_init ] --END-- [ RunTime:0.000681s ]

[ 2016-09-20T12:44:36+08:00 ] ::1 /tp/index.php/Home/Index/showBlog/cate_id/public/upload/image/20160920/57e0bb67c8524.jpg
INFO: [ app_init ] --START--
INFO: Run Behavior\BuildLiteBehavior [ RunTime:0.000029s ]
INFO: [ app_init ] --END-- [ RunTime:0.000918s ]

[ 2016-09-20T12:44:36+08:00 ] ::1 /tp/index.php/Home/Index/showBlog/cate_id/public/upload/image/20160920/57e0b13f84fc9.jpg
INFO: [ app_init ] --START--
INFO: Run Behavior\BuildLiteBehavior [ RunTime:0.000028s ]
INFO: [ app_init ] --END-- [ RunTime:0.001503s ]

[ 2016-09-20T12:46:56+08:00 ] ::1 /tp/index.php/Home/Index/showBlog/cate_id/public/upload/image/20160920/57e0b13f84fc9.jpg
INFO: [ app_init ] --START--
INFO: Run Behavior\BuildLiteBehavior [ RunTime:0.000016s ]
INFO: [ app_init ] --END-- [ RunTime:0.000562s ]

[ 2016-09-20T12:48:19+08:00 ] ::1 /tp/index.php/Home/Index/showBlog/cate_id/2.html
INFO: [ app_init ] --START--
INFO: Run Behavior\BuildLiteBehavior [ RunTime:0.000028s ]
INFO: [ app_init ] --END-- [ RunTime:0.001024s ]

[ 2016-09-20T12:48:20+08:00 ] ::1 /tp/index.php/Home/Index/showBlog/cate_id/public/upload/image/20160920/57e0bb7521fbb.jpg
INFO: [ app_init ] --START--
INFO: Run Behavior\BuildLiteBehavior [ RunTime:0.000026s ]
INFO: [ app_init ] --END-- [ RunTime:0.001325s ]

[ 2016-09-20T12:48:20+08:00 ] ::1 /tp/index.php/Home/Index/showBlog/cate_id/public/upload/image/20160920/57e0bb67c8524.jpg
INFO: [ app_init ] --START--
INFO: Run Behavior\BuildLiteBehavior [ RunTime:0.000024s ]
INFO: [ app_init ] --END-- [ RunTime:0.000781s ]

[ 2016-09-20T12:48:20+08:00 ] ::1 /tp/index.php/Home/Index/showBlog/cate_id/public/upload/image/20160920/57e0b13f84fc9.jpg
INFO: [ app_init ] --START--
INFO: Run Behavior\BuildLiteBehavior [ RunTime:0.000027s ]
INFO: [ app_init ] --END-- [ RunTime:0.000882s ]

[ 2016-09-20T12:48:21+08:00 ] ::1 /tp/index.php/Home/Index/showBlog/cate_id/public/upload/image/20160920/57e0bb67c8524.jpg
INFO: [ app_init ] --START--
INFO: Run Behavior\BuildLiteBehavior [ RunTime:0.000029s ]
INFO: [ app_init ] --END-- [ RunTime:0.001520s ]

[ 2016-09-20T12:49:01+08:00 ] ::1 /tp/index.php/Home/Index/showBlog/cate_id/2.html
INFO: [ app_init ] --START--
INFO: Run Behavior\BuildLiteBehavior [ RunTime:0.000016s ]
INFO: [ app_init ] --END-- [ RunTime:0.000683s ]

[ 2016-09-20T12:49:01+08:00 ] ::1 /tp/index.php/Home/Index/showBlog/cate_id/public/upload/image/20160920/57e0bb67c8524.jpg
INFO: [ app_init ] --START--
INFO: Run Behavior\BuildLiteBehavior [ RunTime:0.000025s ]
INFO: [ app_init ] --END-- [ RunTime:0.000785s ]

[ 2016-09-20T12:49:01+08:00 ] ::1 /tp/index.php/Home/Index/showBlog/cate_id/public/upload/image/20160920/57e0bb7521fbb.jpg
INFO: [ app_init ] --START--
INFO: Run Behavior\BuildLiteBehavior [ RunTime:0.000075s ]
INFO: [ app_init ] --END-- [ RunTime:0.001125s ]

[ 2016-09-20T12:49:01+08:00 ] ::1 /tp/index.php/Home/Index/showBlog/cate_id/public/upload/image/20160920/57e0b13f84fc9.jpg
INFO: [ app_init ] --START--
INFO: Run Behavior\BuildLiteBehavior [ RunTime:0.000029s ]
INFO: [ app_init ] --END-- [ RunTime:0.001086s ]

[ 2016-09-20T12:49:18+08:00 ] ::1 /tp/index.php/Home/Index/showBlog/cate_id/2.html
INFO: [ app_init ] --START--
INFO: Run Behavior\BuildLiteBehavior [ RunTime:0.000015s ]
INFO: [ app_init ] --END-- [ RunTime:0.000426s ]

[ 2016-09-20T12:52:51+08:00 ] ::1 /tp/index.php/Home/Index/showBlog/cate_id/2.html
INFO: [ app_init ] --START--
INFO: Run Behavior\BuildLiteBehavior [ RunTime:0.000017s ]
INFO: [ app_init ] --END-- [ RunTime:0.000596s ]

[ 2016-09-20T12:53:33+08:00 ] ::1 /tp/index.php/Home/Index/showBlog/cate_id/2.html
INFO: [ app_init ] --START--
INFO: Run Behavior\BuildLiteBehavior [ RunTime:0.000026s ]
INFO: [ app_init ] --END-- [ RunTime:0.001027s ]

[ 2016-09-20T12:53:33+08:00 ] ::1 /tp/index.php/Home/Index/index
INFO: [ app_init ] --START--
INFO: Run Behavior\BuildLiteBehavior [ RunTime:0.000015s ]
INFO: [ app_init ] --END-- [ RunTime:0.000548s ]

[ 2016-09-20T12:53:33+08:00 ] ::1 /tp/index.php/Home/Index/public/upload/image/20160920/57e0bb7521fbb.jpg
INFO: [ app_init ] --START--
INFO: Run Behavior\BuildLiteBehavior [ RunTime:0.000027s ]
INFO: [ app_init ] --END-- [ RunTime:0.000930s ]

[ 2016-09-20T12:53:34+08:00 ] ::1 /tp/index.php/Home/Index/public/upload/image/20160920/57e0b13f84fc9.jpg
INFO: [ app_init ] --START--
INFO: Run Behavior\BuildLiteBehavior [ RunTime:0.000025s ]
INFO: [ app_init ] --END-- [ RunTime:0.000789s ]

[ 2016-09-20T12:53:34+08:00 ] ::1 /tp/index.php/Home/Index/public/upload/image/20160920/57e0bb67c8524.jpg
INFO: [ app_init ] --START--
INFO: Run Behavior\BuildLiteBehavior [ RunTime:0.000024s ]
INFO: [ app_init ] --END-- [ RunTime:0.000968s ]

[ 2016-09-20T12:53:34+08:00 ] ::1 /tp/index.php/Home/Index/public/upload/image/20160920/57e09d9685c8f.jpg
INFO: [ app_init ] --START--
INFO: Run Behavior\BuildLiteBehavior [ RunTime:0.000028s ]
INFO: [ app_init ] --END-- [ RunTime:0.000931s ]

[ 2016-09-20T12:53:40+08:00 ] ::1 /tp/index.php/Home/Index/index
INFO: [ app_init ] --START--
INFO: Run Behavior\BuildLiteBehavior [ RunTime:0.000014s ]
INFO: [ app_init ] --END-- [ RunTime:0.000540s ]

[ 2016-09-20T12:53:40+08:00 ] ::1 /tp/index.php/Home/Index/public/upload/image/20160920/57e0b13f84fc9.jpg
INFO: [ app_init ] --START--
INFO: Run Behavior\BuildLiteBehavior [ RunTime:0.000024s ]
INFO: [ app_init ] --END-- [ RunTime:0.000657s ]

[ 2016-09-20T12:53:40+08:00 ] ::1 /tp/index.php/Home/Index/public/upload/image/20160920/57e09d9685c8f.jpg
INFO: [ app_init ] --START--
INFO: Run Behavior\BuildLiteBehavior [ RunTime:0.000026s ]
INFO: [ app_init ] --END-- [ RunTime:0.000733s ]

[ 2016-09-20T12:53:40+08:00 ] ::1 /tp/index.php/Home/Index/public/upload/image/20160920/57e0bb7521fbb.jpg
INFO: [ app_init ] --START--
INFO: Run Behavior\BuildLiteBehavior [ RunTime:0.000026s ]
INFO: [ app_init ] --END-- [ RunTime:0.000886s ]

[ 2016-09-20T12:53:40+08:00 ] ::1 /tp/index.php/Home/Index/public/upload/image/20160920/57e0bb67c8524.jpg
INFO: [ app_init ] --START--
INFO: Run Behavior\BuildLiteBehavior [ RunTime:0.000034s ]
INFO: [ app_init ] --END-- [ RunTime:0.001207s ]

[ 2016-09-20T12:54:19+08:00 ] ::1 /tp/index.php/Home/Index/index
INFO: [ app_init ] --START--
INFO: Run Behavior\BuildLiteBehavior [ RunTime:0.000025s ]
INFO: [ app_init ] --END-- [ RunTime:0.000907s ]

[ 2016-09-20T12:54:21+08:00 ] ::1 /tp/index.php/Home/Index/index
INFO: [ app_init ] --START--
INFO: Run Behavior\BuildLiteBehavior [ RunTime:0.000014s ]
INFO: [ app_init ] --END-- [ RunTime:0.000483s ]

[ 2016-09-20T12:54:22+08:00 ] ::1 /tp/index.php/Home/Index/showBlog/cate_id/1.html
INFO: [ app_init ] --START--
INFO: Run Behavior\BuildLiteBehavior [ RunTime:0.000015s ]
INFO: [ app_init ] --END-- [ RunTime:0.000429s ]

[ 2016-09-20T12:54:23+08:00 ] ::1 /tp/index.php/Home/Index/index
INFO: [ app_init ] --START--
INFO: Run Behavior\BuildLiteBehavior [ RunTime:0.000022s ]
INFO: [ app_init ] --END-- [ RunTime:0.000495s ]

[ 2016-09-20T12:54:24+08:00 ] ::1 /tp/index.php/Home/Index/showBlog/cate_id/2.html
INFO: [ app_init ] --START--
INFO: Run Behavior\BuildLiteBehavior [ RunTime:0.000014s ]
INFO: [ app_init ] --END-- [ RunTime:0.000436s ]

[ 2016-09-20T12:54:26+08:00 ] ::1 /tp/index.php/Home/Index/index
INFO: [ app_init ] --START--
INFO: Run Behavior\BuildLiteBehavior [ RunTime:0.000015s ]
INFO: [ app_init ] --END-- [ RunTime:0.000432s ]

[ 2016-09-20T12:54:26+08:00 ] ::1 /tp/index.php/Home/Index/showBlog/cate_id/3.html
INFO: [ app_init ] --START--
INFO: Run Behavior\BuildLiteBehavior [ RunTime:0.000015s ]
INFO: [ app_init ] --END-- [ RunTime:0.000427s ]

[ 2016-09-20T12:54:31+08:00 ] ::1 /tp/index.php/Home/Index/index
INFO: [ app_init ] --START--
INFO: Run Behavior\BuildLiteBehavior [ RunTime:0.000022s ]
INFO: [ app_init ] --END-- [ RunTime:0.000525s ]

[ 2016-09-20T12:54:35+08:00 ] ::1 /tp/index.php/Home/Index/showBlog/cate_id/3.html
INFO: [ app_init ] --START--
INFO: Run Behavior\BuildLiteBehavior [ RunTime:0.000024s ]
INFO: [ app_init ] --END-- [ RunTime:0.000617s ]

[ 2016-09-20T12:54:38+08:00 ] ::1 /tp/index.php/Home/Index/index
INFO: [ app_init ] --START--
INFO: Run Behavior\BuildLiteBehavior [ RunTime:0.000016s ]
INFO: [ app_init ] --END-- [ RunTime:0.000480s ]

[ 2016-09-20T12:54:40+08:00 ] ::1 /tp/index.php/Home/Index/showBlog/cate_id/3.html
INFO: [ app_init ] --START--
INFO: Run Behavior\BuildLiteBehavior [ RunTime:0.000016s ]
INFO: [ app_init ] --END-- [ RunTime:0.000460s ]

[ 2016-09-20T12:55:22+08:00 ] ::1 /tp/index.php/Home/Index/index
INFO: [ app_init ] --START--
INFO: Run Behavior\BuildLiteBehavior [ RunTime:0.000034s ]
INFO: [ app_init ] --END-- [ RunTime:0.000937s ]

[ 2016-09-20T12:55:24+08:00 ] ::1 /tp/index.php/Home/Index/showBlog/cate_id/3.html
INFO: [ app_init ] --START--
INFO: Run Behavior\BuildLiteBehavior [ RunTime:0.000023s ]
INFO: [ app_init ] --END-- [ RunTime:0.000492s ]

[ 2016-09-20T13:13:56+08:00 ] ::1 /tp/admin.php/Admin/Article/index
INFO: [ app_init ] --START--
INFO: Run Behavior\BuildLiteBehavior [ RunTime:0.000015s ]
INFO: [ app_init ] --END-- [ RunTime:0.000581s ]
ERR: 无法加载控制器:Admin

[ 2016-09-20T13:14:01+08:00 ] ::1 /tp/index.php/Home/Index/index
INFO: [ app_init ] --START--
INFO: Run Behavior\BuildLiteBehavior [ RunTime:0.000016s ]
INFO: [ app_init ] --END-- [ RunTime:0.000424s ]

[ 2016-09-20T13:14:04+08:00 ] ::1 /tp/index.php/Home/Index/showBlog/cate_id/1.html
INFO: [ app_init ] --START--
INFO: Run Behavior\BuildLiteBehavior [ RunTime:0.000016s ]
INFO: [ app_init ] --END-- [ RunTime:0.000583s ]

[ 2016-09-20T13:17:17+08:00 ] ::1 /tp/admin.php/Admin/Article/index
INFO: [ app_init ] --START--
INFO: Run Behavior\BuildLiteBehavior [ RunTime:0.000037s ]
INFO: [ app_init ] --END-- [ RunTime:0.000712s ]
ERR: 无法加载控制器:Admin

[ 2016-09-20T13:17:19+08:00 ] ::1 /tp/index.php/Home/Index/index
ERR: 无法加载控制器:Home

[ 2016-09-20T13:17:21+08:00 ] ::1 /tp/index.php/Home/Index/index
ERR: 无法加载控制器:Home

[ 2016-09-20T13:17:22+08:00 ] ::1 /tp/index.php/Home/Index/index
ERR: 无法加载控制器:Home

[ 2016-09-20T13:17:23+08:00 ] ::1 /tp/index.php/Home/Index/index
ERR: 无法加载控制器:Home

[ 2016-09-20T13:17:29+08:00 ] ::1 /tp/Home/Index/index
ERR: 无法加载控制器:Home

[ 2016-09-20T13:19:48+08:00 ] ::1 /tp/admin.php/Admin/Article/index
INFO: [ app_init ] --START--
INFO: Run Behavior\BuildLiteBehavior [ RunTime:0.000016s ]
INFO: [ app_init ] --END-- [ RunTime:0.000561s ]
ERR: 无法加载控制器:Admin

[ 2016-09-20T21:20:07+08:00 ] ::1 /tp/admin.php/Admin/Article/index
INFO: [ app_init ] --START--
INFO: Run Behavior\BuildLiteBehavior [ RunTime:0.000027s ]
INFO: [ app_init ] --END-- [ RunTime:0.023072s ]
INFO: [ app_begin ] --START--
INFO: Run Behavior\ReadHtmlCacheBehavior [ RunTime:0.026649s ]
INFO: [ app_begin ] --END-- [ RunTime:0.026769s ]
ERR: 无法加载控制器:Admin

[ 2016-09-20T23:46:43+08:00 ] ::1 /tp/index.php/index/showblog/cate_id/1.html
ERR: 非法操作:showblog

[ 2016-09-20T23:46:47+08:00 ] ::1 /tp/index.php/index/showblog/cate_id/2.html
ERR: 非法操作:showblog

[ 2016-09-20T23:48:13+08:00 ] ::1 /tp/index.php/index/showblog/cate_id/1.html
ERR: 非法操作:showblog

[ 2016-09-20T23:48:17+08:00 ] ::1 /tp/index.php/index/showblog/cate_id/3.html
ERR: 非法操作:showblog

