[ 2016-09-11T00:01:47+08:00 ] ::1 /tp/index.php
INFO: [ app_init ] --START--
INFO: Run Behavior\BuildLiteBehavior [ RunTime:0.000016s ]
INFO: [ app_init ] --END-- [ RunTime:0.000579s ]

[ 2016-09-11T00:03:16+08:00 ] ::1 /tp/index.php
INFO: [ app_init ] --START--
INFO: Run Behavior\BuildLiteBehavior [ RunTime:0.000015s ]
INFO: [ app_init ] --END-- [ RunTime:0.000559s ]

[ 2016-09-11T00:03:30+08:00 ] ::1 /tp/index.php
INFO: [ app_init ] --START--
INFO: Run Behavior\BuildLiteBehavior [ RunTime:0.000015s ]
INFO: [ app_init ] --END-- [ RunTime:0.000434s ]

[ 2016-09-11T00:03:49+08:00 ] ::1 /tp/index.php
INFO: [ app_init ] --START--
INFO: Run Behavior\BuildLiteBehavior [ RunTime:0.000016s ]
INFO: [ app_init ] --END-- [ RunTime:0.000456s ]

[ 2016-09-11T00:03:57+08:00 ] ::1 /tp/index.php
INFO: [ app_init ] --START--
INFO: Run Behavior\BuildLiteBehavior [ RunTime:0.000014s ]
INFO: [ app_init ] --END-- [ RunTime:0.000449s ]

[ 2016-09-11T00:04:13+08:00 ] ::1 /tp/index.php
INFO: [ app_init ] --START--
INFO: Run Behavior\BuildLiteBehavior [ RunTime:0.000023s ]
INFO: [ app_init ] --END-- [ RunTime:0.000613s ]

[ 2016-09-11T00:05:15+08:00 ] ::1 /tp/index.php
INFO: [ app_init ] --START--
INFO: Run Behavior\BuildLiteBehavior [ RunTime:0.000017s ]
INFO: [ app_init ] --END-- [ RunTime:0.000861s ]

[ 2016-09-11T00:09:27+08:00 ] ::1 /tp/index.php
INFO: [ app_init ] --START--
INFO: Run Behavior\BuildLiteBehavior [ RunTime:0.000028s ]
INFO: [ app_init ] --END-- [ RunTime:0.000676s ]

[ 2016-09-11T00:12:32+08:00 ] ::1 /tp/index.php
INFO: [ app_init ] --START--
INFO: Run Behavior\BuildLiteBehavior [ RunTime:0.000015s ]
INFO: [ app_init ] --END-- [ RunTime:0.000551s ]

[ 2016-09-11T00:13:33+08:00 ] ::1 /tp/index.php
INFO: [ app_init ] --START--
INFO: Run Behavior\BuildLiteBehavior [ RunTime:0.000015s ]
INFO: [ app_init ] --END-- [ RunTime:0.000425s ]

[ 2016-09-11T00:13:35+08:00 ] ::1 /tp/index.php
INFO: [ app_init ] --START--
INFO: Run Behavior\BuildLiteBehavior [ RunTime:0.000016s ]
INFO: [ app_init ] --END-- [ RunTime:0.000427s ]

[ 2016-09-11T00:13:39+08:00 ] ::1 /tp/index.php
INFO: [ app_init ] --START--
INFO: Run Behavior\BuildLiteBehavior [ RunTime:0.000014s ]
INFO: [ app_init ] --END-- [ RunTime:0.000416s ]

[ 2016-09-11T00:13:39+08:00 ] ::1 /tp/index.php
INFO: [ app_init ] --START--
INFO: Run Behavior\BuildLiteBehavior [ RunTime:0.000022s ]
INFO: [ app_init ] --END-- [ RunTime:0.000611s ]

[ 2016-09-11T00:15:33+08:00 ] ::1 /tp/index.php
INFO: [ app_init ] --START--
INFO: Run Behavior\BuildLiteBehavior [ RunTime:0.000020s ]
INFO: [ app_init ] --END-- [ RunTime:0.000854s ]

[ 2016-09-11T00:15:34+08:00 ] ::1 /tp/index.php
INFO: [ app_init ] --START--
INFO: Run Behavior\BuildLiteBehavior [ RunTime:0.000016s ]
INFO: [ app_init ] --END-- [ RunTime:0.000610s ]

[ 2016-09-11T00:15:35+08:00 ] ::1 /tp/index.php
INFO: [ app_init ] --START--
INFO: Run Behavior\BuildLiteBehavior [ RunTime:0.000015s ]
INFO: [ app_init ] --END-- [ RunTime:0.000411s ]

[ 2016-09-11T00:56:16+08:00 ] ::1 /tp/index.php
INFO: [ app_init ] --START--
INFO: Run Behavior\BuildLiteBehavior [ RunTime:0.000027s ]
INFO: [ app_init ] --END-- [ RunTime:0.001172s ]

[ 2016-09-11T02:15:24+08:00 ] ::1 /tp/index.php
INFO: [ app_init ] --START--
INFO: Run Behavior\BuildLiteBehavior [ RunTime:0.000015s ]
INFO: [ app_init ] --END-- [ RunTime:0.000614s ]

[ 2016-09-11T02:18:04+08:00 ] ::1 /tp/index.php
INFO: [ app_init ] --START--
INFO: Run Behavior\BuildLiteBehavior [ RunTime:0.000014s ]
INFO: [ app_init ] --END-- [ RunTime:0.000548s ]
ERR: 1146:Table 'think_blog.think_blog_relation' doesn't exist
 [ SQL语句 ] : SHOW COLUMNS FROM `think_blog_relation`

[ 2016-09-11T02:18:32+08:00 ] ::1 /tp/index.php
INFO: [ app_init ] --START--
INFO: Run Behavior\BuildLiteBehavior [ RunTime:0.000015s ]
INFO: [ app_init ] --END-- [ RunTime:0.000430s ]
ERR: Think\Model:relation方法不存在！

[ 2016-09-11T02:19:05+08:00 ] ::1 /tp/index.php
INFO: [ app_init ] --START--
INFO: Run Behavior\BuildLiteBehavior [ RunTime:0.000023s ]
INFO: [ app_init ] --END-- [ RunTime:0.000751s ]

[ 2016-09-11T02:20:13+08:00 ] ::1 /tp/index.php
INFO: [ app_init ] --START--
INFO: Run Behavior\BuildLiteBehavior [ RunTime:0.000015s ]
INFO: [ app_init ] --END-- [ RunTime:0.000568s ]

[ 2016-09-11T02:21:45+08:00 ] ::1 /tp/index.php
INFO: [ app_init ] --START--
INFO: Run Behavior\BuildLiteBehavior [ RunTime:0.000016s ]
INFO: [ app_init ] --END-- [ RunTime:0.000687s ]
ERR: 1146:Table 'think_blog.think_blog_relation' doesn't exist
 [ SQL语句 ] : SHOW COLUMNS FROM `think_blog_relation`

[ 2016-09-11T02:22:03+08:00 ] ::1 /tp/index.php
INFO: [ app_init ] --START--
INFO: Run Behavior\BuildLiteBehavior [ RunTime:0.000015s ]
INFO: [ app_init ] --END-- [ RunTime:0.000423s ]
ERR: 1146:Table 'think_blog.think_blogrelation' doesn't exist
 [ SQL语句 ] : SHOW COLUMNS FROM `think_blogrelation`

[ 2016-09-11T02:32:03+08:00 ] ::1 /tp/index.php
INFO: [ app_init ] --START--
INFO: Run Behavior\BuildLiteBehavior [ RunTime:0.000016s ]
INFO: [ app_init ] --END-- [ RunTime:0.000653s ]
ERR: 1146:Table 'think_blog.think_blog_relation' doesn't exist
 [ SQL语句 ] : SHOW COLUMNS FROM `think_blog_relation`

[ 2016-09-11T02:32:11+08:00 ] ::1 /tp/index.php
INFO: [ app_init ] --START--
INFO: Run Behavior\BuildLiteBehavior [ RunTime:0.000022s ]
INFO: [ app_init ] --END-- [ RunTime:0.000577s ]
ERR: 1146:Table 'think_blog.think_blog_relation' doesn't exist
 [ SQL语句 ] : SHOW COLUMNS FROM `think_blog_relation`

[ 2016-09-11T02:32:11+08:00 ] ::1 /tp/index.php
INFO: [ app_init ] --START--
INFO: Run Behavior\BuildLiteBehavior [ RunTime:0.000027s ]
INFO: [ app_init ] --END-- [ RunTime:0.000713s ]
ERR: 1146:Table 'think_blog.think_blog_relation' doesn't exist
 [ SQL语句 ] : SHOW COLUMNS FROM `think_blog_relation`

[ 2016-09-11T02:32:12+08:00 ] ::1 /tp/index.php
INFO: [ app_init ] --START--
INFO: Run Behavior\BuildLiteBehavior [ RunTime:0.000014s ]
INFO: [ app_init ] --END-- [ RunTime:0.000426s ]
ERR: 1146:Table 'think_blog.think_blog_relation' doesn't exist
 [ SQL语句 ] : SHOW COLUMNS FROM `think_blog_relation`

[ 2016-09-11T02:32:19+08:00 ] ::1 /tp/index.php
INFO: [ app_init ] --START--
INFO: Run Behavior\BuildLiteBehavior [ RunTime:0.000015s ]
INFO: [ app_init ] --END-- [ RunTime:0.000432s ]
ERR: 1146:Table 'think_blog.think_blog_relation' doesn't exist
 [ SQL语句 ] : SHOW COLUMNS FROM `think_blog_relation`

[ 2016-09-11T02:33:38+08:00 ] ::1 /tp/index.php
INFO: [ app_init ] --START--
INFO: Run Behavior\BuildLiteBehavior [ RunTime:0.000017s ]
INFO: [ app_init ] --END-- [ RunTime:0.000425s ]
ERR: 1146:Table 'think_blog.think_blog_relation' doesn't exist
 [ SQL语句 ] : SHOW COLUMNS FROM `think_blog_relation`

[ 2016-09-11T02:33:39+08:00 ] ::1 /tp/index.php
INFO: [ app_init ] --START--
INFO: Run Behavior\BuildLiteBehavior [ RunTime:0.000016s ]
INFO: [ app_init ] --END-- [ RunTime:0.000546s ]
ERR: 1146:Table 'think_blog.think_blog_relation' doesn't exist
 [ SQL语句 ] : SHOW COLUMNS FROM `think_blog_relation`

[ 2016-09-11T02:33:56+08:00 ] ::1 /tp/index.php
INFO: [ app_init ] --START--
INFO: Run Behavior\BuildLiteBehavior [ RunTime:0.000016s ]
INFO: [ app_init ] --END-- [ RunTime:0.000446s ]

[ 2016-09-11T02:43:11+08:00 ] ::1 /tp/index.php
INFO: [ app_init ] --START--
INFO: Run Behavior\BuildLiteBehavior [ RunTime:0.000015s ]
INFO: [ app_init ] --END-- [ RunTime:0.000595s ]

[ 2016-09-11T02:43:20+08:00 ] ::1 /tp/index.php
INFO: [ app_init ] --START--
INFO: Run Behavior\BuildLiteBehavior [ RunTime:0.000016s ]
INFO: [ app_init ] --END-- [ RunTime:0.000540s ]

[ 2016-09-11T02:44:12+08:00 ] ::1 /tp/index.php
INFO: [ app_init ] --START--
INFO: Run Behavior\BuildLiteBehavior [ RunTime:0.000015s ]
INFO: [ app_init ] --END-- [ RunTime:0.000424s ]

[ 2016-09-11T02:45:53+08:00 ] ::1 /tp/index.php
INFO: [ app_init ] --START--
INFO: Run Behavior\BuildLiteBehavior [ RunTime:0.000025s ]
INFO: [ app_init ] --END-- [ RunTime:0.000827s ]

[ 2016-09-11T02:46:08+08:00 ] ::1 /tp/index.php
INFO: [ app_init ] --START--
INFO: Run Behavior\BuildLiteBehavior [ RunTime:0.000017s ]
INFO: [ app_init ] --END-- [ RunTime:0.000943s ]

[ 2016-09-11T02:46:47+08:00 ] ::1 /tp/index.php
INFO: [ app_init ] --START--
INFO: Run Behavior\BuildLiteBehavior [ RunTime:0.000026s ]
INFO: [ app_init ] --END-- [ RunTime:0.000741s ]

[ 2016-09-11T02:47:37+08:00 ] ::1 /tp/index.php
INFO: [ app_init ] --START--
INFO: Run Behavior\BuildLiteBehavior [ RunTime:0.000015s ]
INFO: [ app_init ] --END-- [ RunTime:0.000470s ]

[ 2016-09-11T02:50:43+08:00 ] ::1 /tp/index.php
INFO: [ app_init ] --START--
INFO: Run Behavior\BuildLiteBehavior [ RunTime:0.000014s ]
INFO: [ app_init ] --END-- [ RunTime:0.000547s ]

[ 2016-09-11T02:53:00+08:00 ] ::1 /tp/index.php
INFO: [ app_init ] --START--
INFO: Run Behavior\BuildLiteBehavior [ RunTime:0.000019s ]
INFO: [ app_init ] --END-- [ RunTime:0.000980s ]

[ 2016-09-11T02:53:02+08:00 ] ::1 /tp/index.php
INFO: [ app_init ] --START--
INFO: Run Behavior\BuildLiteBehavior [ RunTime:0.000014s ]
INFO: [ app_init ] --END-- [ RunTime:0.000523s ]

[ 2016-09-11T02:55:04+08:00 ] ::1 /tp/index.php
INFO: [ app_init ] --START--
INFO: Run Behavior\BuildLiteBehavior [ RunTime:0.000015s ]
INFO: [ app_init ] --END-- [ RunTime:0.000557s ]

[ 2016-09-11T02:56:01+08:00 ] ::1 /tp/index.php
INFO: [ app_init ] --START--
INFO: Run Behavior\BuildLiteBehavior [ RunTime:0.000019s ]
INFO: [ app_init ] --END-- [ RunTime:0.000685s ]

[ 2016-09-11T02:56:03+08:00 ] ::1 /tp/index.php
INFO: [ app_init ] --START--
INFO: Run Behavior\BuildLiteBehavior [ RunTime:0.000017s ]
INFO: [ app_init ] --END-- [ RunTime:0.000635s ]

[ 2016-09-11T02:57:04+08:00 ] ::1 /tp/index.php
INFO: [ app_init ] --START--
INFO: Run Behavior\BuildLiteBehavior [ RunTime:0.000014s ]
INFO: [ app_init ] --END-- [ RunTime:0.000423s ]

[ 2016-09-11T02:57:31+08:00 ] ::1 /tp/index.php
INFO: [ app_init ] --START--
INFO: Run Behavior\BuildLiteBehavior [ RunTime:0.000016s ]
INFO: [ app_init ] --END-- [ RunTime:0.000429s ]

[ 2016-09-11T10:56:24+08:00 ] ::1 /tp/index.php
INFO: [ app_init ] --START--
INFO: Run Behavior\BuildLiteBehavior [ RunTime:0.000042s ]
INFO: [ app_init ] --END-- [ RunTime:0.001313s ]

[ 2016-09-11T11:03:41+08:00 ] ::1 /tp/index.php
INFO: [ app_init ] --START--
INFO: Run Behavior\BuildLiteBehavior [ RunTime:0.000016s ]
INFO: [ app_init ] --END-- [ RunTime:0.000604s ]

[ 2016-09-11T11:18:00+08:00 ] ::1 /tp/index.php
INFO: [ app_init ] --START--
INFO: Run Behavior\BuildLiteBehavior [ RunTime:0.000015s ]
INFO: [ app_init ] --END-- [ RunTime:0.000644s ]

[ 2016-09-11T11:18:08+08:00 ] ::1 /tp/index.php
INFO: [ app_init ] --START--
INFO: Run Behavior\BuildLiteBehavior [ RunTime:0.000016s ]
INFO: [ app_init ] --END-- [ RunTime:0.000462s ]

[ 2016-09-11T11:18:42+08:00 ] ::1 /tp/index.php
INFO: [ app_init ] --START--
INFO: Run Behavior\BuildLiteBehavior [ RunTime:0.000045s ]
INFO: [ app_init ] --END-- [ RunTime:0.000710s ]

[ 2016-09-11T12:14:39+08:00 ] ::1 /tp/index.php
INFO: [ app_init ] --START--
INFO: Run Behavior\BuildLiteBehavior [ RunTime:0.000020s ]
INFO: [ app_init ] --END-- [ RunTime:0.014747s ]

[ 2016-09-11T13:37:14+08:00 ] ::1 /tp/index.php
INFO: [ app_init ] --START--
INFO: Run Behavior\BuildLiteBehavior [ RunTime:0.000027s ]
INFO: [ app_init ] --END-- [ RunTime:0.013089s ]

[ 2016-09-11T13:42:24+08:00 ] ::1 /tp/index.php
INFO: [ app_init ] --START--
INFO: Run Behavior\BuildLiteBehavior [ RunTime:0.000027s ]
INFO: [ app_init ] --END-- [ RunTime:0.001184s ]

[ 2016-09-11T13:49:43+08:00 ] ::1 /tp/index.php
INFO: [ app_init ] --START--
INFO: Run Behavior\BuildLiteBehavior [ RunTime:0.000018s ]
INFO: [ app_init ] --END-- [ RunTime:0.001096s ]

[ 2016-09-11T13:49:44+08:00 ] ::1 /tp/index.php
INFO: [ app_init ] --START--
INFO: Run Behavior\BuildLiteBehavior [ RunTime:0.000024s ]
INFO: [ app_init ] --END-- [ RunTime:0.000694s ]

[ 2016-09-11T13:49:58+08:00 ] ::1 /tp/index.php
INFO: [ app_init ] --START--
INFO: Run Behavior\BuildLiteBehavior [ RunTime:0.000032s ]
INFO: [ app_init ] --END-- [ RunTime:0.000717s ]

[ 2016-09-11T13:49:59+08:00 ] ::1 /tp/index.php
INFO: [ app_init ] --START--
INFO: Run Behavior\BuildLiteBehavior [ RunTime:0.000039s ]
INFO: [ app_init ] --END-- [ RunTime:0.000766s ]

[ 2016-09-11T13:50:31+08:00 ] ::1 /tp/index.php
INFO: [ app_init ] --START--
INFO: Run Behavior\BuildLiteBehavior [ RunTime:0.000024s ]
INFO: [ app_init ] --END-- [ RunTime:0.000777s ]

[ 2016-09-11T13:50:32+08:00 ] ::1 /tp/index.php
INFO: [ app_init ] --START--
INFO: Run Behavior\BuildLiteBehavior [ RunTime:0.000036s ]
INFO: [ app_init ] --END-- [ RunTime:0.000927s ]

[ 2016-09-11T13:50:56+08:00 ] ::1 /tp/index.php
INFO: [ app_init ] --START--
INFO: Run Behavior\BuildLiteBehavior [ RunTime:0.000014s ]
INFO: [ app_init ] --END-- [ RunTime:0.000420s ]

[ 2016-09-11T14:09:40+08:00 ] ::1 /tp/index.php
INFO: [ app_init ] --START--
INFO: Run Behavior\BuildLiteBehavior [ RunTime:0.000016s ]
INFO: [ app_init ] --END-- [ RunTime:0.000688s ]

[ 2016-09-11T14:09:53+08:00 ] ::1 /tp/index.php
INFO: [ app_init ] --START--
INFO: Run Behavior\BuildLiteBehavior [ RunTime:0.000015s ]
INFO: [ app_init ] --END-- [ RunTime:0.000490s ]

[ 2016-09-11T14:10:04+08:00 ] ::1 /tp/index.php
INFO: [ app_init ] --START--
INFO: Run Behavior\BuildLiteBehavior [ RunTime:0.000014s ]
INFO: [ app_init ] --END-- [ RunTime:0.000431s ]

[ 2016-09-11T14:10:32+08:00 ] ::1 /tp/index.php
INFO: [ app_init ] --START--
INFO: Run Behavior\BuildLiteBehavior [ RunTime:0.000015s ]
INFO: [ app_init ] --END-- [ RunTime:0.000434s ]

[ 2016-09-11T14:10:33+08:00 ] ::1 /tp/index.php
INFO: [ app_init ] --START--
INFO: Run Behavior\BuildLiteBehavior [ RunTime:0.000015s ]
INFO: [ app_init ] --END-- [ RunTime:0.000433s ]

[ 2016-09-11T14:10:33+08:00 ] ::1 /tp/index.php
INFO: [ app_init ] --START--
INFO: Run Behavior\BuildLiteBehavior [ RunTime:0.000014s ]
INFO: [ app_init ] --END-- [ RunTime:0.000445s ]

[ 2016-09-11T14:10:44+08:00 ] ::1 /tp/index.php
INFO: [ app_init ] --START--
INFO: Run Behavior\BuildLiteBehavior [ RunTime:0.000022s ]
INFO: [ app_init ] --END-- [ RunTime:0.000436s ]

[ 2016-09-11T14:10:45+08:00 ] ::1 /tp/index.php
INFO: [ app_init ] --START--
INFO: Run Behavior\BuildLiteBehavior [ RunTime:0.000025s ]
INFO: [ app_init ] --END-- [ RunTime:0.000730s ]

[ 2016-09-11T14:11:13+08:00 ] ::1 /tp/index.php
INFO: [ app_init ] --START--
INFO: Run Behavior\BuildLiteBehavior [ RunTime:0.000017s ]
INFO: [ app_init ] --END-- [ RunTime:0.000716s ]

[ 2016-09-11T14:11:18+08:00 ] ::1 /tp/index.php
INFO: [ app_init ] --START--
INFO: Run Behavior\BuildLiteBehavior [ RunTime:0.000041s ]
INFO: [ app_init ] --END-- [ RunTime:0.000813s ]

[ 2016-09-11T14:11:47+08:00 ] ::1 /tp/index.php
INFO: [ app_init ] --START--
INFO: Run Behavior\BuildLiteBehavior [ RunTime:0.000027s ]
INFO: [ app_init ] --END-- [ RunTime:0.001182s ]

[ 2016-09-11T14:14:47+08:00 ] ::1 /tp/index.php
INFO: [ app_init ] --START--
INFO: Run Behavior\BuildLiteBehavior [ RunTime:0.000015s ]
INFO: [ app_init ] --END-- [ RunTime:0.000542s ]

[ 2016-09-11T14:14:59+08:00 ] ::1 /tp/index.php
INFO: [ app_init ] --START--
INFO: Run Behavior\BuildLiteBehavior [ RunTime:0.000024s ]
INFO: [ app_init ] --END-- [ RunTime:0.000761s ]

[ 2016-09-11T14:15:34+08:00 ] ::1 /tp/index.php
INFO: [ app_init ] --START--
INFO: Run Behavior\BuildLiteBehavior [ RunTime:0.000250s ]
INFO: [ app_init ] --END-- [ RunTime:0.000805s ]

[ 2016-09-11T14:15:35+08:00 ] ::1 /tp/index.php
INFO: [ app_init ] --START--
INFO: Run Behavior\BuildLiteBehavior [ RunTime:0.000029s ]
INFO: [ app_init ] --END-- [ RunTime:0.001101s ]

[ 2016-09-11T14:19:18+08:00 ] ::1 /tp/index.php
INFO: [ app_init ] --START--
INFO: Run Behavior\BuildLiteBehavior [ RunTime:0.000017s ]
INFO: [ app_init ] --END-- [ RunTime:0.000757s ]

[ 2016-09-11T14:20:01+08:00 ] ::1 /tp/index.php
INFO: [ app_init ] --START--
INFO: Run Behavior\BuildLiteBehavior [ RunTime:0.000022s ]
INFO: [ app_init ] --END-- [ RunTime:0.001443s ]

[ 2016-09-11T14:20:19+08:00 ] ::1 /tp/index.php
INFO: [ app_init ] --START--
INFO: Run Behavior\BuildLiteBehavior [ RunTime:0.000058s ]
INFO: [ app_init ] --END-- [ RunTime:0.001035s ]

[ 2016-09-11T14:21:39+08:00 ] ::1 /tp/index.php
INFO: [ app_init ] --START--
INFO: Run Behavior\BuildLiteBehavior [ RunTime:0.000022s ]
INFO: [ app_init ] --END-- [ RunTime:0.000764s ]

[ 2016-09-11T14:22:17+08:00 ] ::1 /tp/index.php
INFO: [ app_init ] --START--
INFO: Run Behavior\BuildLiteBehavior [ RunTime:0.000056s ]
INFO: [ app_init ] --END-- [ RunTime:0.000581s ]

[ 2016-09-11T14:23:09+08:00 ] ::1 /tp/index.php
INFO: [ app_init ] --START--
INFO: Run Behavior\BuildLiteBehavior [ RunTime:0.000026s ]
INFO: [ app_init ] --END-- [ RunTime:0.000858s ]

[ 2016-09-11T14:23:22+08:00 ] ::1 /tp/index.php
INFO: [ app_init ] --START--
INFO: Run Behavior\BuildLiteBehavior [ RunTime:0.000016s ]
INFO: [ app_init ] --END-- [ RunTime:0.000491s ]

[ 2016-09-11T14:23:48+08:00 ] ::1 /tp/index.php
INFO: [ app_init ] --START--
INFO: Run Behavior\BuildLiteBehavior [ RunTime:0.000016s ]
INFO: [ app_init ] --END-- [ RunTime:0.000551s ]

[ 2016-09-11T14:23:48+08:00 ] ::1 /tp/index.php
INFO: [ app_init ] --START--
INFO: Run Behavior\BuildLiteBehavior [ RunTime:0.000014s ]
INFO: [ app_init ] --END-- [ RunTime:0.000415s ]

[ 2016-09-11T14:23:49+08:00 ] ::1 /tp/index.php
INFO: [ app_init ] --START--
INFO: Run Behavior\BuildLiteBehavior [ RunTime:0.000024s ]
INFO: [ app_init ] --END-- [ RunTime:0.000651s ]

[ 2016-09-11T14:23:49+08:00 ] ::1 /tp/index.php
INFO: [ app_init ] --START--
INFO: Run Behavior\BuildLiteBehavior [ RunTime:0.000074s ]
INFO: [ app_init ] --END-- [ RunTime:0.001300s ]

[ 2016-09-11T14:24:13+08:00 ] ::1 /tp/index.php
INFO: [ app_init ] --START--
INFO: Run Behavior\BuildLiteBehavior [ RunTime:0.000024s ]
INFO: [ app_init ] --END-- [ RunTime:0.001145s ]

[ 2016-09-11T14:30:13+08:00 ] ::1 /tp/index.php
INFO: [ app_init ] --START--
INFO: Run Behavior\BuildLiteBehavior [ RunTime:0.000018s ]
INFO: [ app_init ] --END-- [ RunTime:0.001026s ]

[ 2016-09-11T14:30:49+08:00 ] ::1 /tp/index.php
INFO: [ app_init ] --START--
INFO: Run Behavior\BuildLiteBehavior [ RunTime:0.000016s ]
INFO: [ app_init ] --END-- [ RunTime:0.000606s ]

[ 2016-09-11T14:31:02+08:00 ] ::1 /tp/index.php
INFO: [ app_init ] --START--
INFO: Run Behavior\BuildLiteBehavior [ RunTime:0.000016s ]
INFO: [ app_init ] --END-- [ RunTime:0.000445s ]

[ 2016-09-11T14:31:16+08:00 ] ::1 /tp/index.php
INFO: [ app_init ] --START--
INFO: Run Behavior\BuildLiteBehavior [ RunTime:0.000016s ]
INFO: [ app_init ] --END-- [ RunTime:0.000449s ]

[ 2016-09-11T14:31:36+08:00 ] ::1 /tp/index.php
INFO: [ app_init ] --START--
INFO: Run Behavior\BuildLiteBehavior [ RunTime:0.000027s ]
INFO: [ app_init ] --END-- [ RunTime:0.000822s ]

[ 2016-09-11T14:32:14+08:00 ] ::1 /tp/index.php
INFO: [ app_init ] --START--
INFO: Run Behavior\BuildLiteBehavior [ RunTime:0.000027s ]
INFO: [ app_init ] --END-- [ RunTime:0.001441s ]

[ 2016-09-11T14:32:53+08:00 ] ::1 /tp/index.php
INFO: [ app_init ] --START--
INFO: Run Behavior\BuildLiteBehavior [ RunTime:0.000016s ]
INFO: [ app_init ] --END-- [ RunTime:0.000679s ]

[ 2016-09-11T14:33:37+08:00 ] ::1 /tp/index.php
INFO: [ app_init ] --START--
INFO: Run Behavior\BuildLiteBehavior [ RunTime:0.000016s ]
INFO: [ app_init ] --END-- [ RunTime:0.000448s ]

[ 2016-09-11T14:34:26+08:00 ] ::1 /tp/index.php
INFO: [ app_init ] --START--
INFO: Run Behavior\BuildLiteBehavior [ RunTime:0.000016s ]
INFO: [ app_init ] --END-- [ RunTime:0.000513s ]

[ 2016-09-11T14:37:30+08:00 ] ::1 /tp/index.php
INFO: [ app_init ] --START--
INFO: Run Behavior\BuildLiteBehavior [ RunTime:0.000024s ]
INFO: [ app_init ] --END-- [ RunTime:0.000798s ]

[ 2016-09-11T15:30:02+08:00 ] ::1 /tp/index.php
INFO: [ app_init ] --START--
INFO: Run Behavior\BuildLiteBehavior [ RunTime:0.000022s ]
INFO: [ app_init ] --END-- [ RunTime:0.000683s ]

[ 2016-09-11T15:30:26+08:00 ] ::1 /tp/index.php
INFO: [ app_init ] --START--
INFO: Run Behavior\BuildLiteBehavior [ RunTime:0.000028s ]
INFO: [ app_init ] --END-- [ RunTime:0.000856s ]

[ 2016-09-11T15:30:30+08:00 ] ::1 /tp/index.php/Home/Index/index.htmlArray
INFO: [ app_init ] --START--
INFO: Run Behavior\BuildLiteBehavior [ RunTime:0.000016s ]
INFO: [ app_init ] --END-- [ RunTime:0.000609s ]
ERR: 非法操作:index.htmlArray

[ 2016-09-11T15:30:35+08:00 ] ::1 /tp/index.php/Home/Index/index.htmlArray
INFO: [ app_init ] --START--
INFO: Run Behavior\BuildLiteBehavior [ RunTime:0.000021s ]
INFO: [ app_init ] --END-- [ RunTime:0.000653s ]
ERR: 非法操作:index.htmlArray

[ 2016-09-11T15:30:39+08:00 ] ::1 /tp/index.php/Home/Index/index.htmlArray
INFO: [ app_init ] --START--
INFO: Run Behavior\BuildLiteBehavior [ RunTime:0.000025s ]
INFO: [ app_init ] --END-- [ RunTime:0.000740s ]
ERR: 非法操作:index.htmlArray

[ 2016-09-11T15:51:07+08:00 ] ::1 /tp/index.php/Home/Index/index.htmlArray
INFO: [ app_init ] --START--
INFO: Run Behavior\BuildLiteBehavior [ RunTime:0.000020s ]
INFO: [ app_init ] --END-- [ RunTime:0.351893s ]
ERR: 非法操作:index.htmlArray

[ 2016-09-11T15:53:24+08:00 ] ::1 /tp/index.php/Home/Index/index.htmlArray
INFO: [ app_init ] --START--
INFO: Run Behavior\BuildLiteBehavior [ RunTime:0.000020s ]
INFO: [ app_init ] --END-- [ RunTime:0.012107s ]
ERR: 非法操作:index.htmlArray

[ 2016-09-11T15:53:27+08:00 ] ::1 /tp/index.php/Home/Index/index.htmlArray
INFO: [ app_init ] --START--
INFO: Run Behavior\BuildLiteBehavior [ RunTime:0.000016s ]
INFO: [ app_init ] --END-- [ RunTime:0.000478s ]
ERR: 非法操作:index.htmlArray

[ 2016-09-11T15:53:29+08:00 ] ::1 /tp/index.php/Home/Index/index.htmlArray
INFO: [ app_init ] --START--
INFO: Run Behavior\BuildLiteBehavior [ RunTime:0.000030s ]
INFO: [ app_init ] --END-- [ RunTime:0.000879s ]
ERR: 非法操作:index.htmlArray

[ 2016-09-11T15:55:07+08:00 ] ::1 /tp/index.php
INFO: [ app_init ] --START--
INFO: Run Behavior\BuildLiteBehavior [ RunTime:0.000014s ]
INFO: [ app_init ] --END-- [ RunTime:0.000438s ]

[ 2016-09-11T15:55:24+08:00 ] ::1 /tp/index.php
INFO: [ app_init ] --START--
INFO: Run Behavior\BuildLiteBehavior [ RunTime:0.000016s ]
INFO: [ app_init ] --END-- [ RunTime:0.000441s ]

[ 2016-09-11T15:55:46+08:00 ] ::1 /tp/index.php/Home/Index/index.htmlArray
INFO: [ app_init ] --START--
INFO: Run Behavior\BuildLiteBehavior [ RunTime:0.000016s ]
INFO: [ app_init ] --END-- [ RunTime:0.000631s ]
ERR: 非法操作:index.htmlArray

[ 2016-09-11T15:55:54+08:00 ] ::1 /tp/index.php
INFO: [ app_init ] --START--
INFO: Run Behavior\BuildLiteBehavior [ RunTime:0.000016s ]
INFO: [ app_init ] --END-- [ RunTime:0.000463s ]

[ 2016-09-11T15:56:34+08:00 ] ::1 /tp/index.php
INFO: [ app_init ] --START--
INFO: Run Behavior\BuildLiteBehavior [ RunTime:0.000028s ]
INFO: [ app_init ] --END-- [ RunTime:0.001278s ]

[ 2016-09-11T15:56:35+08:00 ] ::1 /tp/index.php
INFO: [ app_init ] --START--
INFO: Run Behavior\BuildLiteBehavior [ RunTime:0.000018s ]
INFO: [ app_init ] --END-- [ RunTime:0.000550s ]

[ 2016-09-11T15:56:52+08:00 ] ::1 /tp/index.php
INFO: [ app_init ] --START--
INFO: Run Behavior\BuildLiteBehavior [ RunTime:0.000018s ]
INFO: [ app_init ] --END-- [ RunTime:0.000438s ]

[ 2016-09-11T15:57:17+08:00 ] ::1 /tp/index.php
INFO: [ app_init ] --START--
INFO: Run Behavior\BuildLiteBehavior [ RunTime:0.000026s ]
INFO: [ app_init ] --END-- [ RunTime:0.000778s ]

[ 2016-09-11T15:59:34+08:00 ] ::1 /tp/index.php
INFO: [ app_init ] --START--
INFO: Run Behavior\BuildLiteBehavior [ RunTime:0.000015s ]
INFO: [ app_init ] --END-- [ RunTime:0.000553s ]

[ 2016-09-11T16:09:25+08:00 ] ::1 /tp/index.php
INFO: [ app_init ] --START--
INFO: Run Behavior\BuildLiteBehavior [ RunTime:0.000025s ]
INFO: [ app_init ] --END-- [ RunTime:0.001145s ]

[ 2016-09-11T16:09:26+08:00 ] ::1 /tp/index.php/Home/Index/showBlog/cate_name/%E6%95%B0%E6%8D%AE%E5%BA%93.html
INFO: [ app_init ] --START--
INFO: Run Behavior\BuildLiteBehavior [ RunTime:0.000029s ]
INFO: [ app_init ] --END-- [ RunTime:0.001119s ]

[ 2016-09-11T16:15:49+08:00 ] ::1 /tp/index.php/Home/Index/showBlog/cate_name/%E6%95%B0%E6%8D%AE%E5%BA%93.html
INFO: [ app_init ] --START--
INFO: Run Behavior\BuildLiteBehavior [ RunTime:0.000015s ]
INFO: [ app_init ] --END-- [ RunTime:0.000614s ]

[ 2016-09-11T16:16:16+08:00 ] ::1 /tp/index.php/Home/Index/showBlog/cate_name/%E6%95%B0%E6%8D%AE%E5%BA%93.html
INFO: [ app_init ] --START--
INFO: Run Behavior\BuildLiteBehavior [ RunTime:0.000017s ]
INFO: [ app_init ] --END-- [ RunTime:0.000548s ]

[ 2016-09-11T16:16:40+08:00 ] ::1 /tp/index.php/Home/Index/showBlog/cate_name/%E6%95%B0%E6%8D%AE%E5%BA%93.html
INFO: [ app_init ] --START--
INFO: Run Behavior\BuildLiteBehavior [ RunTime:0.000015s ]
INFO: [ app_init ] --END-- [ RunTime:0.000532s ]

[ 2016-09-11T16:24:19+08:00 ] ::1 /tp/index.php/Home/Index/showBlog/cate_name/%E6%95%B0%E6%8D%AE%E5%BA%93.html
INFO: [ app_init ] --START--
INFO: Run Behavior\BuildLiteBehavior [ RunTime:0.000018s ]
INFO: [ app_init ] --END-- [ RunTime:0.000939s ]

[ 2016-09-11T16:24:29+08:00 ] ::1 /tp/index.php/Home/Index/showBlog/cate_name/%E6%95%B0%E6%8D%AE%E5%BA%93.html
INFO: [ app_init ] --START--
INFO: Run Behavior\BuildLiteBehavior [ RunTime:0.000023s ]
INFO: [ app_init ] --END-- [ RunTime:0.000671s ]

[ 2016-09-11T16:24:30+08:00 ] ::1 /tp/index.php/Home/Index/showBlog/cate_name/%E6%95%B0%E6%8D%AE%E5%BA%93.html
INFO: [ app_init ] --START--
INFO: Run Behavior\BuildLiteBehavior [ RunTime:0.000021s ]
INFO: [ app_init ] --END-- [ RunTime:0.000510s ]

[ 2016-09-11T16:24:31+08:00 ] ::1 /tp/index.php/Home/Index/showBlog/cate_name/%E6%95%B0%E6%8D%AE%E5%BA%93.html
INFO: [ app_init ] --START--
INFO: Run Behavior\BuildLiteBehavior [ RunTime:0.000025s ]
INFO: [ app_init ] --END-- [ RunTime:0.000726s ]

[ 2016-09-11T16:25:53+08:00 ] ::1 /tp/index.php/Home/Index/showBlog/cate_name/%E6%95%B0%E6%8D%AE%E5%BA%93.html
INFO: [ app_init ] --START--
INFO: Run Behavior\BuildLiteBehavior [ RunTime:0.000028s ]
INFO: [ app_init ] --END-- [ RunTime:0.000764s ]

[ 2016-09-11T16:25:53+08:00 ] ::1 /tp/index.php/Home/Index/showBlog/cate_name/%E6%95%B0%E6%8D%AE%E5%BA%93.html
INFO: [ app_init ] --START--
INFO: Run Behavior\BuildLiteBehavior [ RunTime:0.000025s ]
INFO: [ app_init ] --END-- [ RunTime:0.000729s ]

[ 2016-09-11T16:26:05+08:00 ] ::1 /tp/index.php
INFO: [ app_init ] --START--
INFO: Run Behavior\BuildLiteBehavior [ RunTime:0.000055s ]
INFO: [ app_init ] --END-- [ RunTime:0.000739s ]

[ 2016-09-11T16:26:06+08:00 ] ::1 /tp/index.php/Home/Index/showBlog/cate_id/1.html
INFO: [ app_init ] --START--
INFO: Run Behavior\BuildLiteBehavior [ RunTime:0.000026s ]
INFO: [ app_init ] --END-- [ RunTime:0.000737s ]

[ 2016-09-11T16:40:28+08:00 ] ::1 /tp/index.php/Home/Index/showBlog/cate_id/1.html
INFO: [ app_init ] --START--
INFO: Run Behavior\BuildLiteBehavior [ RunTime:0.000016s ]
INFO: [ app_init ] --END-- [ RunTime:0.000663s ]

[ 2016-09-11T16:40:48+08:00 ] ::1 /tp/index.php/Home/Index/showBlog/cate_id/1.html
INFO: [ app_init ] --START--
INFO: Run Behavior\BuildLiteBehavior [ RunTime:0.000017s ]
INFO: [ app_init ] --END-- [ RunTime:0.000462s ]

[ 2016-09-11T16:40:49+08:00 ] ::1 /tp/index.php/Home/Index/showBlog/cate_id/1.html
INFO: [ app_init ] --START--
INFO: Run Behavior\BuildLiteBehavior [ RunTime:0.000026s ]
INFO: [ app_init ] --END-- [ RunTime:0.000830s ]

[ 2016-09-11T16:41:17+08:00 ] ::1 /tp/index.php/Home/Index/showBlog/cate_id/3.html
INFO: [ app_init ] --START--
INFO: Run Behavior\BuildLiteBehavior [ RunTime:0.000014s ]
INFO: [ app_init ] --END-- [ RunTime:0.000416s ]

[ 2016-09-11T16:41:20+08:00 ] ::1 /tp/index.php/Home/Index/showBlog/cate_id/2.html
INFO: [ app_init ] --START--
INFO: Run Behavior\BuildLiteBehavior [ RunTime:0.000015s ]
INFO: [ app_init ] --END-- [ RunTime:0.000442s ]

[ 2016-09-11T16:41:32+08:00 ] ::1 /tp/index.php/Home/Index/showBlog/cate_id/1.html
INFO: [ app_init ] --START--
INFO: Run Behavior\BuildLiteBehavior [ RunTime:0.000021s ]
INFO: [ app_init ] --END-- [ RunTime:0.000463s ]

[ 2016-09-11T16:41:35+08:00 ] ::1 /tp/index.php/Home/Index/showBlog/cate_id/3.html
INFO: [ app_init ] --START--
INFO: Run Behavior\BuildLiteBehavior [ RunTime:0.000014s ]
INFO: [ app_init ] --END-- [ RunTime:0.000428s ]

[ 2016-09-11T16:43:00+08:00 ] ::1 /tp/index.php/Home/Index/showBlog/cate_id/1.html
INFO: [ app_init ] --START--
INFO: Run Behavior\BuildLiteBehavior [ RunTime:0.000024s ]
INFO: [ app_init ] --END-- [ RunTime:0.000702s ]

[ 2016-09-11T16:43:12+08:00 ] ::1 /tp/index.php
INFO: [ app_init ] --START--
INFO: Run Behavior\BuildLiteBehavior [ RunTime:0.000016s ]
INFO: [ app_init ] --END-- [ RunTime:0.000478s ]

[ 2016-09-11T16:43:14+08:00 ] ::1 /tp/index.php/Home/Index/showBlog/cate_id/1.html
INFO: [ app_init ] --START--
INFO: Run Behavior\BuildLiteBehavior [ RunTime:0.000048s ]
INFO: [ app_init ] --END-- [ RunTime:0.000965s ]

[ 2016-09-11T16:43:16+08:00 ] ::1 /tp/index.php/Home/Index/showBlog/cate_id/2.html
INFO: [ app_init ] --START--
INFO: Run Behavior\BuildLiteBehavior [ RunTime:0.000016s ]
INFO: [ app_init ] --END-- [ RunTime:0.000444s ]

[ 2016-09-11T16:43:18+08:00 ] ::1 /tp/index.php/Home/Index/showBlog/cate_id/3.html
INFO: [ app_init ] --START--
INFO: Run Behavior\BuildLiteBehavior [ RunTime:0.000019s ]
INFO: [ app_init ] --END-- [ RunTime:0.000430s ]

[ 2016-09-11T16:46:13+08:00 ] ::1 /tp/index.php
INFO: [ app_init ] --START--
INFO: Run Behavior\BuildLiteBehavior [ RunTime:0.000120s ]
INFO: [ app_init ] --END-- [ RunTime:0.001055s ]

[ 2016-09-11T16:55:37+08:00 ] ::1 /tp/index.php
INFO: [ app_init ] --START--
INFO: Run Behavior\BuildLiteBehavior [ RunTime:0.000017s ]
INFO: [ app_init ] --END-- [ RunTime:0.000747s ]

[ 2016-09-11T16:55:39+08:00 ] ::1 /tp/index.php/Home/Index/showBlog/cate_id/1.html
INFO: [ app_init ] --START--
INFO: Run Behavior\BuildLiteBehavior [ RunTime:0.000037s ]
INFO: [ app_init ] --END-- [ RunTime:0.001263s ]

[ 2016-09-11T16:57:58+08:00 ] ::1 /tp/index.php
INFO: [ app_init ] --START--
INFO: Run Behavior\BuildLiteBehavior [ RunTime:0.000015s ]
INFO: [ app_init ] --END-- [ RunTime:0.000543s ]

[ 2016-09-11T16:57:59+08:00 ] ::1 /tp/index.php/Home/Index/showBlog/cate_id/1.html
INFO: [ app_init ] --START--
INFO: Run Behavior\BuildLiteBehavior [ RunTime:0.000023s ]
INFO: [ app_init ] --END-- [ RunTime:0.000644s ]
ERR: 1064:You have an error in your SQL syntax; check the manual that corresponds to your MySQL server version for the right syntax to use near ')' at line 1
 [ SQL语句 ] : SELECT * FROM `think_blog` WHERE ( cate.name =  ) 

[ 2016-09-11T17:02:08+08:00 ] ::1 /tp/index.php/Home/Index/showBlog/cate_id/1.html
INFO: [ app_init ] --START--
INFO: Run Behavior\BuildLiteBehavior [ RunTime:0.000024s ]
INFO: [ app_init ] --END-- [ RunTime:0.000571s ]
ERR: 1064:You have an error in your SQL syntax; check the manual that corresponds to your MySQL server version for the right syntax to use near '[name] =  )' at line 1
 [ SQL语句 ] : SELECT * FROM `think_blog` WHERE ( cate[name] =  ) 

[ 2016-09-11T17:42:49+08:00 ] ::1 /tp/index.php/Home/Index/showBlog/cate_id/1.html
INFO: [ app_init ] --START--
INFO: Run Behavior\BuildLiteBehavior [ RunTime:0.000016s ]
INFO: [ app_init ] --END-- [ RunTime:0.000721s ]
ERR: 1064:You have an error in your SQL syntax; check the manual that corresponds to your MySQL server version for the right syntax to use near ')' at line 1
 [ SQL语句 ] : SELECT * FROM `think_blog` WHERE ( cate.name =  ) 

[ 2016-09-11T17:45:01+08:00 ] ::1 /tp/index.php/Home/Index/showBlog/cate_id/1.html
INFO: [ app_init ] --START--
INFO: Run Behavior\BuildLiteBehavior [ RunTime:0.000015s ]
INFO: [ app_init ] --END-- [ RunTime:0.000542s ]
ERR: 1064:You have an error in your SQL syntax; check the manual that corresponds to your MySQL server version for the right syntax to use near ')' at line 1
 [ SQL语句 ] : SELECT * FROM `think_blog` WHERE ( cate.name= ) 

[ 2016-09-11T18:38:43+08:00 ] ::1 /tp/index.php/Home/Index/showBlog/cate_id/1.html
INFO: [ app_init ] --START--
INFO: Run Behavior\BuildLiteBehavior [ RunTime:0.000015s ]
INFO: [ app_init ] --END-- [ RunTime:0.000693s ]
ERR: 1064:You have an error in your SQL syntax; check the manual that corresponds to your MySQL server version for the right syntax to use near ')' at line 1
 [ SQL语句 ] : SELECT * FROM `think_blog` WHERE ( cate= ) 

[ 2016-09-11T18:38:44+08:00 ] ::1 /tp/index.php/Home/Index/showBlog/cate_id/1.html
INFO: [ app_init ] --START--
INFO: Run Behavior\BuildLiteBehavior [ RunTime:0.000014s ]
INFO: [ app_init ] --END-- [ RunTime:0.000427s ]
ERR: 1064:You have an error in your SQL syntax; check the manual that corresponds to your MySQL server version for the right syntax to use near ')' at line 1
 [ SQL语句 ] : SELECT * FROM `think_blog` WHERE ( cate= ) 

[ 2016-09-11T18:41:09+08:00 ] ::1 /tp/index.php/Home/Index/showBlog/cate_id/1.html
INFO: [ app_init ] --START--
INFO: Run Behavior\BuildLiteBehavior [ RunTime:0.000015s ]
INFO: [ app_init ] --END-- [ RunTime:0.000548s ]
ERR: 1054:Unknown column 'cate' in 'where clause'
 [ SQL语句 ] : SELECT * FROM `think_blog` WHERE ( cate='' ) 

[ 2016-09-11T18:51:03+08:00 ] ::1 /tp/index.php/Home/Index/showBlog/cate_id/1.html
INFO: [ app_init ] --START--
INFO: Run Behavior\BuildLiteBehavior [ RunTime:0.000014s ]
INFO: [ app_init ] --END-- [ RunTime:0.000608s ]
ERR: 1054:Unknown column 'name' in 'where clause'
 [ SQL语句 ] : SELECT * FROM `think_blog` WHERE ( name='' ) 

[ 2016-09-11T19:43:48+08:00 ] ::1 /tp/index.php/Home/Index/showBlog/cate_id/1.html
INFO: [ app_init ] --START--
INFO: Run Behavior\BuildLiteBehavior [ RunTime:0.000056s ]
INFO: [ app_init ] --END-- [ RunTime:0.000932s ]
ERR: 1054:Unknown column 'name' in 'where clause'
 [ SQL语句 ] : SELECT * FROM `think_blog` WHERE ( name='' ) 

[ 2016-09-11T19:45:35+08:00 ] ::1 /tp/index.php
INFO: [ app_init ] --START--
INFO: Run Behavior\BuildLiteBehavior [ RunTime:0.000017s ]
INFO: [ app_init ] --END-- [ RunTime:0.000569s ]

[ 2016-09-11T19:45:37+08:00 ] ::1 /tp/index.php/Home/Index/showBlog/cate_id/1.html
INFO: [ app_init ] --START--
INFO: Run Behavior\BuildLiteBehavior [ RunTime:0.000015s ]
INFO: [ app_init ] --END-- [ RunTime:0.000529s ]

[ 2016-09-11T19:46:46+08:00 ] ::1 /tp/index.php/Home/Index/showBlog/cate_id/1.html
INFO: [ app_init ] --START--
INFO: Run Behavior\BuildLiteBehavior [ RunTime:0.000015s ]
INFO: [ app_init ] --END-- [ RunTime:0.000551s ]

[ 2016-09-11T20:52:28+08:00 ] ::1 /tp/index.php/Home/Index/showBlog/cate_id/1.html
INFO: [ app_init ] --START--
INFO: Run Behavior\BuildLiteBehavior [ RunTime:0.000015s ]
INFO: [ app_init ] --END-- [ RunTime:0.000608s ]

[ 2016-09-11T20:52:31+08:00 ] ::1 /tp/index.php
INFO: [ app_init ] --START--
INFO: Run Behavior\BuildLiteBehavior [ RunTime:0.000014s ]
INFO: [ app_init ] --END-- [ RunTime:0.000428s ]

[ 2016-09-11T21:32:39+08:00 ] ::1 /tp/index.php
INFO: [ app_init ] --START--
INFO: Run Behavior\BuildLiteBehavior [ RunTime:0.000015s ]
INFO: [ app_init ] --END-- [ RunTime:0.000537s ]

[ 2016-09-11T21:34:53+08:00 ] ::1 /tp/index.php
INFO: [ app_init ] --START--
INFO: Run Behavior\BuildLiteBehavior [ RunTime:0.000013s ]
INFO: [ app_init ] --END-- [ RunTime:0.000527s ]

[ 2016-09-11T21:50:29+08:00 ] ::1 /tp/index.php/Home/Index/showBlog/cate_name/%E6%95%B0%E6%8D%AE%E5%BA%93.html
INFO: [ app_init ] --START--
INFO: Run Behavior\BuildLiteBehavior [ RunTime:0.000017s ]
INFO: [ app_init ] --END-- [ RunTime:0.000636s ]

[ 2016-09-11T21:50:48+08:00 ] ::1 /tp/index.php/Home/Index/showBlog/cate_name/%E6%95%B0%E6%8D%AE%E5%BA%93.html
INFO: [ app_init ] --START--
INFO: Run Behavior\BuildLiteBehavior [ RunTime:0.000014s ]
INFO: [ app_init ] --END-- [ RunTime:0.000421s ]
ERR: 1054:Unknown column 'name' in 'where clause'
 [ SQL语句 ] : SELECT * FROM `think_blog` WHERE ( name='数据库' ) 

[ 2016-09-11T21:51:55+08:00 ] ::1 /tp/index.php/Home/Index/showBlog/cate_name/%E6%95%B0%E6%8D%AE%E5%BA%93.html
INFO: [ app_init ] --START--
INFO: Run Behavior\BuildLiteBehavior [ RunTime:0.000019s ]
INFO: [ app_init ] --END-- [ RunTime:0.000474s ]
ERR: 1054:Unknown column 'cate' in 'where clause'
 [ SQL语句 ] : SELECT * FROM `think_blog` WHERE ( cate='数据库' ) 

[ 2016-09-11T21:54:06+08:00 ] ::1 /tp/index.php/Home/Index/showBlog/cate_name/%E6%95%B0%E6%8D%AE%E5%BA%93.html
INFO: [ app_init ] --START--
INFO: Run Behavior\BuildLiteBehavior [ RunTime:0.000015s ]
INFO: [ app_init ] --END-- [ RunTime:0.000524s ]
ERR: 1064:You have an error in your SQL syntax; check the manual that corresponds to your MySQL server version for the right syntax to use near '[name]='数据库' )' at line 1
 [ SQL语句 ] : SELECT * FROM `think_blog` WHERE ( cate[name]='数据库' ) 

[ 2016-09-11T21:54:19+08:00 ] ::1 /tp/index.php/Home/Index/showBlog/cate_name/%E6%95%B0%E6%8D%AE%E5%BA%93.html
INFO: [ app_init ] --START--
INFO: Run Behavior\BuildLiteBehavior [ RunTime:0.000023s ]
INFO: [ app_init ] --END-- [ RunTime:0.000661s ]
ERR: 1054:Unknown column 'cate.name' in 'where clause'
 [ SQL语句 ] : SELECT * FROM `think_blog` WHERE ( cate.name='数据库' ) 

[ 2016-09-11T21:54:34+08:00 ] ::1 /tp/index.php/Home/Index/showBlog/cate_name/%E6%95%B0%E6%8D%AE%E5%BA%93.html
INFO: [ app_init ] --START--
INFO: Run Behavior\BuildLiteBehavior [ RunTime:0.000015s ]
INFO: [ app_init ] --END-- [ RunTime:0.000449s ]
ERR: 1064:You have an error in your SQL syntax; check the manual that corresponds to your MySQL server version for the right syntax to use near '['name']='数据库' )' at line 1
 [ SQL语句 ] : SELECT * FROM `think_blog` WHERE ( cate['name']='数据库' ) 

[ 2016-09-11T22:39:47+08:00 ] ::1 /tp/index.php/Home/Index/showBlog/cate_name/%E6%95%B0%E6%8D%AE%E5%BA%93.html
INFO: [ app_init ] --START--
INFO: Run Behavior\BuildLiteBehavior [ RunTime:0.000015s ]
INFO: [ app_init ] --END-- [ RunTime:0.000621s ]
ERR: 1054:Unknown column 'cate' in 'where clause'
 [ SQL语句 ] : SELECT * FROM `think_blog` WHERE ( cate='数据库' ) 

[ 2016-09-11T23:07:47+08:00 ] ::1 /tp/index.php/Home/Index/showBlog/cate_name/%E6%95%B0%E6%8D%AE%E5%BA%93.html
INFO: [ app_init ] --START--
INFO: Run Behavior\BuildLiteBehavior [ RunTime:0.000014s ]
INFO: [ app_init ] --END-- [ RunTime:0.000539s ]

[ 2016-09-11T23:19:44+08:00 ] ::1 /tp/index.php/Home/Index/showBlog/cate_name/%E6%95%B0%E6%8D%AE%E5%BA%93.html
INFO: [ app_init ] --START--
INFO: Run Behavior\BuildLiteBehavior [ RunTime:0.000016s ]
INFO: [ app_init ] --END-- [ RunTime:0.000564s ]
ERR: Think\Model:filed方法不存在！

[ 2016-09-11T23:20:02+08:00 ] ::1 /tp/index.php/Home/Index/showBlog/cate_name/%E6%95%B0%E6%8D%AE%E5%BA%93.html
INFO: [ app_init ] --START--
INFO: Run Behavior\BuildLiteBehavior [ RunTime:0.000015s ]
INFO: [ app_init ] --END-- [ RunTime:0.000428s ]
ERR: 1054:Unknown column 'cate' in 'field list'
 [ SQL语句 ] : SELECT `cate` FROM `think_blog` 

[ 2016-09-11T23:20:46+08:00 ] ::1 /tp/index.php/Home/Index/showBlog/cate_name/%E6%95%B0%E6%8D%AE%E5%BA%93.html
INFO: [ app_init ] --START--
INFO: Run Behavior\BuildLiteBehavior [ RunTime:0.000015s ]
INFO: [ app_init ] --END-- [ RunTime:0.000444s ]

[ 2016-09-11T23:22:04+08:00 ] ::1 /tp/index.php/Home/Index/showBlog/cate_name/%E6%95%B0%E6%8D%AE%E5%BA%93.html
INFO: [ app_init ] --START--
INFO: Run Behavior\BuildLiteBehavior [ RunTime:0.000016s ]
INFO: [ app_init ] --END-- [ RunTime:0.000629s ]

[ 2016-09-11T23:48:56+08:00 ] ::1 /tp/index.php/Home/Index/showBlog/cate_name/%E6%95%B0%E6%8D%AE%E5%BA%93.html
INFO: [ app_init ] --START--
INFO: Run Behavior\BuildLiteBehavior [ RunTime:0.000026s ]
INFO: [ app_init ] --END-- [ RunTime:0.000907s ]

[ 2016-09-11T23:49:21+08:00 ] ::1 /tp/index.php/Home/Index/showBlog/cate_name/%E6%95%B0%E6%8D%AE%E5%BA%93.html
INFO: [ app_init ] --START--
INFO: Run Behavior\BuildLiteBehavior [ RunTime:0.000015s ]
INFO: [ app_init ] --END-- [ RunTime:0.000422s ]
ERR: 1054:Unknown column 'cate' in 'field list'
 [ SQL语句 ] : SELECT `cate` FROM `think_blog` 

[ 2016-09-11T23:49:33+08:00 ] ::1 /tp/index.php
INFO: [ app_init ] --START--
INFO: Run Behavior\BuildLiteBehavior [ RunTime:0.000019s ]
INFO: [ app_init ] --END-- [ RunTime:0.000527s ]

[ 2016-09-11T23:49:38+08:00 ] ::1 /tp/index.php/Home/Index/showBlog/cate_name/%E6%95%B0%E6%8D%AE%E5%BA%93.html
INFO: [ app_init ] --START--
INFO: Run Behavior\BuildLiteBehavior [ RunTime:0.000015s ]
INFO: [ app_init ] --END-- [ RunTime:0.000434s ]

[ 2016-09-11T23:50:24+08:00 ] ::1 /tp/index.php/Home/Index/showBlog/cate_name/%E6%95%B0%E6%8D%AE%E5%BA%93.html
INFO: [ app_init ] --START--
INFO: Run Behavior\BuildLiteBehavior [ RunTime:0.000016s ]
INFO: [ app_init ] --END-- [ RunTime:0.000438s ]

