[ 2016-09-20T10:19:37+08:00 ] ::1 /tp/%7Bv.picture%7D
INFO: [ app_init ] --START--
INFO: Run Behavior\BuildLiteBehavior [ RunTime:0.000027s ]
INFO: [ app_init ] --END-- [ RunTime:0.000937s ]
ERR: 无法加载模块:{v

[ 2016-09-20T10:23:50+08:00 ] ::1 /tp/upload/image/20160920/57e09d9685c8f.jpg
INFO: [ app_init ] --START--
INFO: Run Behavior\BuildLiteBehavior [ RunTime:0.000047s ]
INFO: [ app_init ] --END-- [ RunTime:0.002059s ]
ERR: 无法加载模块:Upload

[ 2016-09-20T10:24:31+08:00 ] ::1 /tp/upload/image/20160920/57e09d9685c8f.jpg
INFO: [ app_init ] --START--
INFO: Run Behavior\BuildLiteBehavior [ RunTime:0.000015s ]
INFO: [ app_init ] --END-- [ RunTime:0.000526s ]
ERR: 无法加载模块:Upload

[ 2016-09-20T10:24:40+08:00 ] ::1 /tp/upload/image/20160920/57e09d9685c8f.jpg
INFO: [ app_init ] --START--
INFO: Run Behavior\BuildLiteBehavior [ RunTime:0.000015s ]
INFO: [ app_init ] --END-- [ RunTime:0.000524s ]
ERR: 无法加载模块:Upload

[ 2016-09-20T10:26:17+08:00 ] ::1 /tp/upload/image/20160920/57e09d9685c8f.jpg
INFO: [ app_init ] --START--
INFO: Run Behavior\BuildLiteBehavior [ RunTime:0.000033s ]
INFO: [ app_init ] --END-- [ RunTime:0.001332s ]
ERR: 无法加载模块:Upload

[ 2016-09-20T10:28:24+08:00 ] ::1 /tp/public/upload/image/20160920/57e09ea2766e5.jpg
INFO: [ app_init ] --START--
INFO: Run Behavior\BuildLiteBehavior [ RunTime:0.000024s ]
INFO: [ app_init ] --END-- [ RunTime:0.000690s ]
ERR: 无法加载模块:Public

[ 2016-09-20T10:28:24+08:00 ] ::1 /tp/upload/image/20160920/57e09d9685c8f.jpg
INFO: [ app_init ] --START--
INFO: Run Behavior\BuildLiteBehavior [ RunTime:0.000029s ]
INFO: [ app_init ] --END-- [ RunTime:0.002272s ]
ERR: 无法加载模块:Upload

[ 2016-09-20T10:28:37+08:00 ] ::1 /tp/public/upload/image/20160920/57e09ea2766e5.jpg
INFO: [ app_init ] --START--
INFO: Run Behavior\BuildLiteBehavior [ RunTime:0.000018s ]
INFO: [ app_init ] --END-- [ RunTime:0.000823s ]
ERR: 无法加载模块:Public

[ 2016-09-20T10:29:30+08:00 ] ::1 /tp/public/upload/image/20160920/57e09ea2766e5.jpg
INFO: [ app_init ] --START--
INFO: Run Behavior\BuildLiteBehavior [ RunTime:0.000017s ]
INFO: [ app_init ] --END-- [ RunTime:0.000766s ]
ERR: 无法加载模块:Public

[ 2016-09-20T10:30:05+08:00 ] ::1 /tp/public/upload/image/20160920/57e09ea2766e5.jpg
INFO: [ app_init ] --START--
INFO: Run Behavior\BuildLiteBehavior [ RunTime:0.000017s ]
INFO: [ app_init ] --END-- [ RunTime:0.000571s ]
ERR: 无法加载模块:Public

[ 2016-09-20T10:30:27+08:00 ] ::1 /tp/upload/image/20160920/57e09d9685c8f.jpg
INFO: [ app_init ] --START--
INFO: Run Behavior\BuildLiteBehavior [ RunTime:0.000014s ]
INFO: [ app_init ] --END-- [ RunTime:0.000533s ]
ERR: 无法加载模块:Upload

[ 2016-09-20T10:35:35+08:00 ] ::1 /tp/public/upload/image/20160920/57e09ea2766e5.jpg
INFO: [ app_init ] --START--
INFO: Run Behavior\BuildLiteBehavior [ RunTime:0.000024s ]
INFO: [ app_init ] --END-- [ RunTime:0.000681s ]
ERR: 无法加载模块:Public

[ 2016-09-20T10:35:35+08:00 ] ::1 /tp/upload/image/20160920/57e09d9685c8f.jpg
INFO: [ app_init ] --START--
INFO: Run Behavior\BuildLiteBehavior [ RunTime:0.000023s ]
INFO: [ app_init ] --END-- [ RunTime:0.000800s ]
ERR: 无法加载模块:Upload

[ 2016-09-20T10:45:27+08:00 ] ::1 /tp/upload/image/20160920/57e09d9685c8f.jpg
INFO: [ app_init ] --START--
INFO: Run Behavior\BuildLiteBehavior [ RunTime:0.000017s ]
INFO: [ app_init ] --END-- [ RunTime:0.000749s ]
ERR: 无法加载模块:Upload

[ 2016-09-20T10:46:26+08:00 ] ::1 /tp/upload/image/20160920/57e09d9685c8f.jpg
INFO: [ app_init ] --START--
INFO: Run Behavior\BuildLiteBehavior [ RunTime:0.000017s ]
INFO: [ app_init ] --END-- [ RunTime:0.000544s ]
ERR: 无法加载模块:Upload

[ 2016-09-20T10:46:31+08:00 ] ::1 /tp/upload/image/20160920/57e09d9685c8f.jpg
INFO: [ app_init ] --START--
INFO: Run Behavior\BuildLiteBehavior [ RunTime:0.000014s ]
INFO: [ app_init ] --END-- [ RunTime:0.000419s ]
ERR: 无法加载模块:Upload

[ 2016-09-20T10:46:53+08:00 ] ::1 /tp/upload/image/20160920/57e09d9685c8f.jpg
INFO: [ app_init ] --START--
INFO: Run Behavior\BuildLiteBehavior [ RunTime:0.000027s ]
INFO: [ app_init ] --END-- [ RunTime:0.000841s ]
ERR: 无法加载模块:Upload

[ 2016-09-20T10:48:33+08:00 ] ::1 /tp/upload/image/20160920/57e09d9685c8f.jpg
INFO: [ app_init ] --START--
INFO: Run Behavior\BuildLiteBehavior [ RunTime:0.000017s ]
INFO: [ app_init ] --END-- [ RunTime:0.000505s ]
ERR: 无法加载模块:Upload

[ 2016-09-20T10:48:35+08:00 ] ::1 /tp/upload/image/20160920/57e09d9685c8f.jpg
INFO: [ app_init ] --START--
INFO: Run Behavior\BuildLiteBehavior [ RunTime:0.000014s ]
INFO: [ app_init ] --END-- [ RunTime:0.000431s ]
ERR: 无法加载模块:Upload

[ 2016-09-20T10:48:50+08:00 ] ::1 /tp/upload/image/20160920/57e09d9685c8f.jpg
INFO: [ app_init ] --START--
INFO: Run Behavior\BuildLiteBehavior [ RunTime:0.000014s ]
INFO: [ app_init ] --END-- [ RunTime:0.000420s ]
ERR: 无法加载模块:Upload

[ 2016-09-20T10:49:10+08:00 ] ::1 /tp/upload/image/20160920/57e09d9685c8f.jpg
INFO: [ app_init ] --START--
INFO: Run Behavior\BuildLiteBehavior [ RunTime:0.000025s ]
INFO: [ app_init ] --END-- [ RunTime:0.000932s ]
ERR: 无法加载模块:Upload

[ 2016-09-20T10:50:29+08:00 ] ::1 /tp/upload/image/20160920/57e09d9685c8f.jpg
INFO: [ app_init ] --START--
INFO: Run Behavior\BuildLiteBehavior [ RunTime:0.000014s ]
INFO: [ app_init ] --END-- [ RunTime:0.000417s ]
ERR: 无法加载模块:Upload

[ 2016-09-20T10:50:30+08:00 ] ::1 /tp/upload/image/20160920/57e09d9685c8f.jpg
INFO: [ app_init ] --START--
INFO: Run Behavior\BuildLiteBehavior [ RunTime:0.000016s ]
INFO: [ app_init ] --END-- [ RunTime:0.000677s ]
ERR: 无法加载模块:Upload

[ 2016-09-20T11:04:00+08:00 ] ::1 /tp/upload/image/20160920/57e09d9685c8f.jpg
INFO: [ app_init ] --START--
INFO: Run Behavior\BuildLiteBehavior [ RunTime:0.000015s ]
INFO: [ app_init ] --END-- [ RunTime:0.000445s ]
ERR: 无法加载模块:Upload

