[ 2016-09-08T14:32:27+08:00 ] ::1 /tp/%7BU('Home/Index/showBlog/aid',array('aid'=
INFO: [ app_init ] --START--
INFO: Run Behavior\BuildLiteBehavior [ RunTime:0.000015s ]
INFO: [ app_init ] --END-- [ RunTime:0.000457s ]
ERR: 无法加载模块:{U('Home

[ 2016-09-08T14:33:17+08:00 ] ::1 /tp/%7BU('Home/Index/showBlog/aid',array('aid'=
INFO: [ app_init ] --START--
INFO: Run Behavior\BuildLiteBehavior [ RunTime:0.000022s ]
INFO: [ app_init ] --END-- [ RunTime:0.000611s ]
ERR: 无法加载模块:{U('Home

[ 2016-09-08T14:34:23+08:00 ] ::1 /tp/%7BU('Home/Index/showBlog/aid',array('aid'=
INFO: [ app_init ] --START--
INFO: Run Behavior\BuildLiteBehavior [ RunTime:0.000014s ]
INFO: [ app_init ] --END-- [ RunTime:0.000424s ]
ERR: 无法加载模块:{U('Home

[ 2016-09-08T14:39:02+08:00 ] ::1 /tp/%7BU('Home/Index/showBlog/aid')%7D
INFO: [ app_init ] --START--
INFO: Run Behavior\BuildLiteBehavior [ RunTime:0.000014s ]
INFO: [ app_init ] --END-- [ RunTime:0.000439s ]
ERR: 无法加载模块:{U('Home

[ 2016-09-08T14:41:33+08:00 ] ::1 /tp/%7BU('Home/Index/showBlog/aid'))%7D
INFO: [ app_init ] --START--
INFO: Run Behavior\BuildLiteBehavior [ RunTime:0.000024s ]
INFO: [ app_init ] --END-- [ RunTime:0.000659s ]
ERR: 无法加载模块:{U('Home

[ 2016-09-08T14:41:43+08:00 ] ::1 /tp/%7BU('Home/Index/showBlog/aid'))%7D
INFO: [ app_init ] --START--
INFO: Run Behavior\BuildLiteBehavior [ RunTime:0.000015s ]
INFO: [ app_init ] --END-- [ RunTime:0.000429s ]
ERR: 无法加载模块:{U('Home

[ 2016-09-08T14:42:19+08:00 ] ::1 /tp/%7BU('Home/Index/showBlog?aid=1%27))}
INFO: [ app_init ] --START--
INFO: Run Behavior\BuildLiteBehavior [ RunTime:0.000015s ]
INFO: [ app_init ] --END-- [ RunTime:0.000422s ]
ERR: 无法加载模块:{U('Home

[ 2016-09-08T14:43:26+08:00 ] ::1 /tp/%7BU('Home/Index/showBlog?aid=1%27))}
INFO: [ app_init ] --START--
INFO: Run Behavior\BuildLiteBehavior [ RunTime:0.000015s ]
INFO: [ app_init ] --END-- [ RunTime:0.000559s ]
ERR: 无法加载模块:{U('Home

[ 2016-09-08T14:43:26+08:00 ] ::1 /tp/%7BU('Home/Index/showBlog?aid=1%27))}
INFO: [ app_init ] --START--
INFO: Run Behavior\BuildLiteBehavior [ RunTime:0.000017s ]
INFO: [ app_init ] --END-- [ RunTime:0.000620s ]
ERR: 无法加载模块:{U('Home

[ 2016-09-08T14:43:27+08:00 ] ::1 /tp/%7BU('Home/Index/showBlog?aid=1%27))}
INFO: [ app_init ] --START--
INFO: Run Behavior\BuildLiteBehavior [ RunTime:0.000016s ]
INFO: [ app_init ] --END-- [ RunTime:0.000441s ]
ERR: 无法加载模块:{U('Home

[ 2016-09-08T14:43:27+08:00 ] ::1 /tp/%7BU('Home/Index/showBlog?aid=1%27))}
INFO: [ app_init ] --START--
INFO: Run Behavior\BuildLiteBehavior [ RunTime:0.000015s ]
INFO: [ app_init ] --END-- [ RunTime:0.000422s ]
ERR: 无法加载模块:{U('Home

[ 2016-09-08T14:43:27+08:00 ] ::1 /tp/%7BU('Home/Index/showBlog?aid=1%27))}
INFO: [ app_init ] --START--
INFO: Run Behavior\BuildLiteBehavior [ RunTime:0.000014s ]
INFO: [ app_init ] --END-- [ RunTime:0.000421s ]
ERR: 无法加载模块:{U('Home

[ 2016-09-08T14:43:27+08:00 ] ::1 /tp/%7BU('Home/Index/showBlog?aid=1%27))}
INFO: [ app_init ] --START--
INFO: Run Behavior\BuildLiteBehavior [ RunTime:0.000021s ]
INFO: [ app_init ] --END-- [ RunTime:0.000432s ]
ERR: 无法加载模块:{U('Home

[ 2016-09-08T14:44:22+08:00 ] ::1 /tp/%7BU('Home/Index/showBlog?aid=1%27))}
INFO: [ app_init ] --START--
INFO: Run Behavior\BuildLiteBehavior [ RunTime:0.000015s ]
INFO: [ app_init ] --END-- [ RunTime:0.000434s ]
ERR: 无法加载模块:{U('Home

[ 2016-09-08T14:44:26+08:00 ] ::1 /tp/%7BU('Home/Index/showBlog?aid=1%27))}
INFO: [ app_init ] --START--
INFO: Run Behavior\BuildLiteBehavior [ RunTime:0.000022s ]
INFO: [ app_init ] --END-- [ RunTime:0.000636s ]
ERR: 无法加载模块:{U('Home

[ 2016-09-08T14:44:27+08:00 ] ::1 /tp/%7BU('Home/Index/showBlog?aid=1%27))}
INFO: [ app_init ] --START--
INFO: Run Behavior\BuildLiteBehavior [ RunTime:0.000015s ]
INFO: [ app_init ] --END-- [ RunTime:0.000418s ]
ERR: 无法加载模块:{U('Home

[ 2016-09-08T14:44:27+08:00 ] ::1 /tp/%7BU('Home/Index/showBlog?aid=1%27))}
INFO: [ app_init ] --START--
INFO: Run Behavior\BuildLiteBehavior [ RunTime:0.000015s ]
INFO: [ app_init ] --END-- [ RunTime:0.000448s ]
ERR: 无法加载模块:{U('Home

[ 2016-09-08T14:44:27+08:00 ] ::1 /tp/%7BU('Home/Index/showBlog?aid=1%27))}
INFO: [ app_init ] --START--
INFO: Run Behavior\BuildLiteBehavior [ RunTime:0.000017s ]
INFO: [ app_init ] --END-- [ RunTime:0.000440s ]
ERR: 无法加载模块:{U('Home

[ 2016-09-08T14:44:42+08:00 ] ::1 /tp/%7BU('Home/Index/showBlog)%7D
INFO: [ app_init ] --START--
INFO: Run Behavior\BuildLiteBehavior [ RunTime:0.000015s ]
INFO: [ app_init ] --END-- [ RunTime:0.000438s ]
ERR: 无法加载模块:{U('Home

[ 2016-09-08T14:45:12+08:00 ] ::1 /tp/%7BU('Home/Index/showBlog)%7D
INFO: [ app_init ] --START--
INFO: Run Behavior\BuildLiteBehavior [ RunTime:0.000016s ]
INFO: [ app_init ] --END-- [ RunTime:0.000457s ]
ERR: 无法加载模块:{U('Home

[ 2016-09-08T14:45:19+08:00 ] ::1 /tp/%7BU('Home/Index/showBlog)%7D
INFO: [ app_init ] --START--
INFO: Run Behavior\BuildLiteBehavior [ RunTime:0.000015s ]
INFO: [ app_init ] --END-- [ RunTime:0.000443s ]
ERR: 无法加载模块:{U('Home

[ 2016-09-08T14:45:20+08:00 ] ::1 /tp/%7BU('Home/Index/showBlog)%7D
INFO: [ app_init ] --START--
INFO: Run Behavior\BuildLiteBehavior [ RunTime:0.000020s ]
INFO: [ app_init ] --END-- [ RunTime:0.000539s ]
ERR: 无法加载模块:{U('Home

[ 2016-09-08T14:45:22+08:00 ] ::1 /tp/%7BU('Home/Index/showBlog)%7D
INFO: [ app_init ] --START--
INFO: Run Behavior\BuildLiteBehavior [ RunTime:0.000017s ]
INFO: [ app_init ] --END-- [ RunTime:0.000464s ]
ERR: 无法加载模块:{U('Home

[ 2016-09-08T14:46:27+08:00 ] ::1 /tp/%7BU('Home/Index/showBlog)%7D
INFO: [ app_init ] --START--
INFO: Run Behavior\BuildLiteBehavior [ RunTime:0.000015s ]
INFO: [ app_init ] --END-- [ RunTime:0.000557s ]
ERR: 无法加载模块:{U('Home

[ 2016-09-08T14:48:10+08:00 ] ::1 /tp/%7BU('Home/Index/showBlog)%7D
INFO: [ app_init ] --START--
INFO: Run Behavior\BuildLiteBehavior [ RunTime:0.000016s ]
INFO: [ app_init ] --END-- [ RunTime:0.000432s ]
ERR: 无法加载模块:{U('Home

[ 2016-09-08T14:48:20+08:00 ] ::1 /tp/%7BU('Home/Index/showBlog')%7D
INFO: [ app_init ] --START--
INFO: Run Behavior\BuildLiteBehavior [ RunTime:0.000015s ]
INFO: [ app_init ] --END-- [ RunTime:0.000427s ]
ERR: 无法加载模块:{U('Home

[ 2016-09-08T14:50:23+08:00 ] ::1 /tp/%7BU('Home/Index/showBlog')%7D
INFO: [ app_init ] --START--
INFO: Run Behavior\BuildLiteBehavior [ RunTime:0.000015s ]
INFO: [ app_init ] --END-- [ RunTime:0.000533s ]
ERR: 无法加载模块:{U('Home

[ 2016-09-08T14:50:49+08:00 ] ::1 /tp/%7BU('Home/Index/showBlog')%7D
INFO: [ app_init ] --START--
INFO: Run Behavior\BuildLiteBehavior [ RunTime:0.000047s ]
INFO: [ app_init ] --END-- [ RunTime:0.000803s ]
ERR: 无法加载模块:{U('Home

[ 2016-09-08T14:51:01+08:00 ] ::1 /tp/U('Home/Index/showBlog')
INFO: [ app_init ] --START--
INFO: Run Behavior\BuildLiteBehavior [ RunTime:0.000027s ]
INFO: [ app_init ] --END-- [ RunTime:0.000775s ]
ERR: 无法加载模块:U('Home

[ 2016-09-08T14:51:19+08:00 ] ::1 /tp/U('Home/Index/showBlog')
INFO: [ app_init ] --START--
INFO: Run Behavior\BuildLiteBehavior [ RunTime:0.000015s ]
INFO: [ app_init ] --END-- [ RunTime:0.000445s ]
ERR: 无法加载模块:U('Home

[ 2016-09-08T14:53:00+08:00 ] ::1 /tp/U('Home/Index/showBlog')
INFO: [ app_init ] --START--
INFO: Run Behavior\BuildLiteBehavior [ RunTime:0.000015s ]
INFO: [ app_init ] --END-- [ RunTime:0.000556s ]
ERR: 无法加载模块:U('Home

[ 2016-09-08T14:53:17+08:00 ] ::1 /tp/U('Home/Index/showBlog')
INFO: [ app_init ] --START--
INFO: Run Behavior\BuildLiteBehavior [ RunTime:0.000016s ]
INFO: [ app_init ] --END-- [ RunTime:0.000464s ]
ERR: 无法加载模块:U('Home

[ 2016-09-08T14:59:28+08:00 ] ::1 /tp/%7BU('Home/Index/showBlog')%7D
INFO: [ app_init ] --START--
INFO: Run Behavior\BuildLiteBehavior [ RunTime:0.000023s ]
INFO: [ app_init ] --END-- [ RunTime:0.000610s ]
ERR: 无法加载模块:{U('Home

[ 2016-09-08T14:59:29+08:00 ] ::1 /tp/%7BU('Home/Index/showBlog')%7D
INFO: [ app_init ] --START--
INFO: Run Behavior\BuildLiteBehavior [ RunTime:0.000016s ]
INFO: [ app_init ] --END-- [ RunTime:0.000730s ]
ERR: 无法加载模块:{U('Home

[ 2016-09-08T14:59:29+08:00 ] ::1 /tp/%7BU('Home/Index/showBlog')%7D
INFO: [ app_init ] --START--
INFO: Run Behavior\BuildLiteBehavior [ RunTime:0.000014s ]
INFO: [ app_init ] --END-- [ RunTime:0.000427s ]
ERR: 无法加载模块:{U('Home

[ 2016-09-08T14:59:29+08:00 ] ::1 /tp/%7BU('Home/Index/showBlog')%7D
INFO: [ app_init ] --START--
INFO: Run Behavior\BuildLiteBehavior [ RunTime:0.000016s ]
INFO: [ app_init ] --END-- [ RunTime:0.000430s ]
ERR: 无法加载模块:{U('Home

[ 2016-09-08T14:59:30+08:00 ] ::1 /tp/%7BU('Home/Index/showBlog')%7D
INFO: [ app_init ] --START--
INFO: Run Behavior\BuildLiteBehavior [ RunTime:0.000014s ]
INFO: [ app_init ] --END-- [ RunTime:0.000444s ]
ERR: 无法加载模块:{U('Home

[ 2016-09-08T14:59:30+08:00 ] ::1 /tp/%7BU('Home/Index/showBlog')%7D
INFO: [ app_init ] --START--
INFO: Run Behavior\BuildLiteBehavior [ RunTime:0.000015s ]
INFO: [ app_init ] --END-- [ RunTime:0.000467s ]
ERR: 无法加载模块:{U('Home

[ 2016-09-08T14:59:30+08:00 ] ::1 /tp/%7BU('Home/Index/showBlog')%7D
INFO: [ app_init ] --START--
INFO: Run Behavior\BuildLiteBehavior [ RunTime:0.000014s ]
INFO: [ app_init ] --END-- [ RunTime:0.000420s ]
ERR: 无法加载模块:{U('Home

