[ 2016-09-10T00:23:56+08:00 ] ::1 /tp/admin.php/Admin/Article/index
INFO: [ app_init ] --START--
INFO: Run Behavior\BuildLiteBehavior [ RunTime:0.000019s ]
INFO: [ app_init ] --END-- [ RunTime:0.016377s ]

[ 2016-09-10T00:23:56+08:00 ] ::1 /tp/admin.php/Admin/Article/index
INFO: [ app_init ] --START--
INFO: Run Behavior\BuildLiteBehavior [ RunTime:0.000015s ]
INFO: [ app_init ] --END-- [ RunTime:0.000441s ]

[ 2016-09-10T00:23:59+08:00 ] ::1 /tp/admin.php/Admin/Blog/index
INFO: [ app_init ] --START--
INFO: Run Behavior\BuildLiteBehavior [ RunTime:0.000014s ]
INFO: [ app_init ] --END-- [ RunTime:0.000414s ]

[ 2016-09-10T00:24:17+08:00 ] ::1 /tp/admin.php/Admin/Blog/changeblog/cblog_id/18.html
INFO: [ app_init ] --START--
INFO: Run Behavior\BuildLiteBehavior [ RunTime:0.000020s ]
INFO: [ app_init ] --END-- [ RunTime:0.000872s ]

[ 2016-09-10T00:24:22+08:00 ] ::1 /tp/admin.php/Admin/Blog/showchangeblog
INFO: [ app_init ] --START--
INFO: Run Behavior\BuildLiteBehavior [ RunTime:0.000019s ]
INFO: [ app_init ] --END-- [ RunTime:0.000546s ]

[ 2016-09-10T00:24:26+08:00 ] ::1 /tp/admin.php/Admin/Blog/index
INFO: [ app_init ] --START--
INFO: Run Behavior\BuildLiteBehavior [ RunTime:0.000014s ]
INFO: [ app_init ] --END-- [ RunTime:0.000415s ]

[ 2016-09-10T00:24:28+08:00 ] ::1 /tp/admin.php/Admin/Blog/index
INFO: [ app_init ] --START--
INFO: Run Behavior\BuildLiteBehavior [ RunTime:0.000015s ]
INFO: [ app_init ] --END-- [ RunTime:0.000422s ]

[ 2016-09-10T00:24:29+08:00 ] ::1 /tp/admin.php/Admin/Blog/index
INFO: [ app_init ] --START--
INFO: Run Behavior\BuildLiteBehavior [ RunTime:0.000015s ]
INFO: [ app_init ] --END-- [ RunTime:0.000452s ]

[ 2016-09-10T00:24:29+08:00 ] ::1 /tp/admin.php/Admin/Blog/index
INFO: [ app_init ] --START--
INFO: Run Behavior\BuildLiteBehavior [ RunTime:0.000014s ]
INFO: [ app_init ] --END-- [ RunTime:0.000442s ]

[ 2016-09-10T00:24:30+08:00 ] ::1 /tp/admin.php/Admin/Blog/index
INFO: [ app_init ] --START--
INFO: Run Behavior\BuildLiteBehavior [ RunTime:0.000018s ]
INFO: [ app_init ] --END-- [ RunTime:0.000541s ]

[ 2016-09-10T00:24:30+08:00 ] ::1 /tp/admin.php/Admin/Blog/addblog
INFO: [ app_init ] --START--
INFO: Run Behavior\BuildLiteBehavior [ RunTime:0.000014s ]
INFO: [ app_init ] --END-- [ RunTime:0.000416s ]

[ 2016-09-10T00:24:31+08:00 ] ::1 /tp/admin.php/Admin/Blog/index
INFO: [ app_init ] --START--
INFO: Run Behavior\BuildLiteBehavior [ RunTime:0.000021s ]
INFO: [ app_init ] --END-- [ RunTime:0.000605s ]

[ 2016-09-10T00:24:40+08:00 ] ::1 /tp/admin.php/Admin/Blog/index
INFO: [ app_init ] --START--
INFO: Run Behavior\BuildLiteBehavior [ RunTime:0.000015s ]
INFO: [ app_init ] --END-- [ RunTime:0.000533s ]

[ 2016-09-10T00:24:41+08:00 ] ::1 /tp/admin.php/Admin/Blog/addblog
INFO: [ app_init ] --START--
INFO: Run Behavior\BuildLiteBehavior [ RunTime:0.000016s ]
INFO: [ app_init ] --END-- [ RunTime:0.000439s ]

[ 2016-09-10T00:24:43+08:00 ] ::1 /tp/admin.php/Admin/Blog/recoveryblog
INFO: [ app_init ] --START--
INFO: Run Behavior\BuildLiteBehavior [ RunTime:0.000015s ]
INFO: [ app_init ] --END-- [ RunTime:0.000502s ]

[ 2016-09-10T00:24:45+08:00 ] ::1 /tp/admin.php/Admin/Blog/index
INFO: [ app_init ] --START--
INFO: Run Behavior\BuildLiteBehavior [ RunTime:0.000013s ]
INFO: [ app_init ] --END-- [ RunTime:0.000415s ]

[ 2016-09-10T00:24:53+08:00 ] ::1 /tp/admin.php/Admin/Blog/changeblog/cblog_id/19.html
INFO: [ app_init ] --START--
INFO: Run Behavior\BuildLiteBehavior [ RunTime:0.000015s ]
INFO: [ app_init ] --END-- [ RunTime:0.000416s ]

[ 2016-09-10T00:25:06+08:00 ] ::1 /tp/admin.php/Admin/Blog/changeblog/cblog_id/18.html
INFO: [ app_init ] --START--
INFO: Run Behavior\BuildLiteBehavior [ RunTime:0.000014s ]
INFO: [ app_init ] --END-- [ RunTime:0.000427s ]

[ 2016-09-10T00:26:17+08:00 ] ::1 /tp/admin.php/Admin/Blog/showchangeblog
INFO: [ app_init ] --START--
INFO: Run Behavior\BuildLiteBehavior [ RunTime:0.000013s ]
INFO: [ app_init ] --END-- [ RunTime:0.000417s ]

[ 2016-09-10T00:32:03+08:00 ] ::1 /tp/admin.php/Admin/Blog/showchangeblog
INFO: [ app_init ] --START--
INFO: Run Behavior\BuildLiteBehavior [ RunTime:0.000021s ]
INFO: [ app_init ] --END-- [ RunTime:0.000927s ]

[ 2016-09-10T00:32:18+08:00 ] ::1 /tp/admin.php/Admin/Blog/showchangeblog
INFO: [ app_init ] --START--
INFO: Run Behavior\BuildLiteBehavior [ RunTime:0.000014s ]
INFO: [ app_init ] --END-- [ RunTime:0.000421s ]

[ 2016-09-10T01:06:35+08:00 ] ::1 /tp/admin.php/Admin/Blog/showchangeblog
INFO: [ app_init ] --START--
INFO: Run Behavior\BuildLiteBehavior [ RunTime:0.000020s ]
INFO: [ app_init ] --END-- [ RunTime:0.000988s ]

[ 2016-09-10T01:07:31+08:00 ] ::1 /tp/admin.php/Admin/Blog/showchangeblog
INFO: [ app_init ] --START--
INFO: Run Behavior\BuildLiteBehavior [ RunTime:0.000020s ]
INFO: [ app_init ] --END-- [ RunTime:0.000739s ]

[ 2016-09-10T01:09:57+08:00 ] ::1 /tp/admin.php/Admin/Blog/showchangeblog
INFO: [ app_init ] --START--
INFO: Run Behavior\BuildLiteBehavior [ RunTime:0.000021s ]
INFO: [ app_init ] --END-- [ RunTime:0.000785s ]

[ 2016-09-10T01:10:00+08:00 ] ::1 /tp/admin.php/Admin/Article/index
INFO: [ app_init ] --START--
INFO: Run Behavior\BuildLiteBehavior [ RunTime:0.000018s ]
INFO: [ app_init ] --END-- [ RunTime:0.000730s ]

[ 2016-09-10T01:10:01+08:00 ] ::1 /tp/admin.php/Admin/Article/index
INFO: [ app_init ] --START--
INFO: Run Behavior\BuildLiteBehavior [ RunTime:0.000028s ]
INFO: [ app_init ] --END-- [ RunTime:0.000728s ]

[ 2016-09-10T01:10:03+08:00 ] ::1 /tp/admin.php/Admin/Blog/index
INFO: [ app_init ] --START--
INFO: Run Behavior\BuildLiteBehavior [ RunTime:0.000016s ]
INFO: [ app_init ] --END-- [ RunTime:0.000539s ]

[ 2016-09-10T01:10:06+08:00 ] ::1 /tp/admin.php/Admin/Blog/changeblog/cblog_id/18.html
INFO: [ app_init ] --START--
INFO: Run Behavior\BuildLiteBehavior [ RunTime:0.000015s ]
INFO: [ app_init ] --END-- [ RunTime:0.000426s ]

[ 2016-09-10T01:10:38+08:00 ] ::1 /tp/admin.php/Admin/Blog/showchangeblog
INFO: [ app_init ] --START--
INFO: Run Behavior\BuildLiteBehavior [ RunTime:0.000017s ]
INFO: [ app_init ] --END-- [ RunTime:0.000429s ]

[ 2016-09-10T01:10:52+08:00 ] ::1 /tp/admin.php/Admin/Blog/showchangeblog
INFO: [ app_init ] --START--
INFO: Run Behavior\BuildLiteBehavior [ RunTime:0.000027s ]
INFO: [ app_init ] --END-- [ RunTime:0.000772s ]

[ 2016-09-10T01:12:14+08:00 ] ::1 /tp/admin.php/Admin/Blog/showchangeblog
INFO: [ app_init ] --START--
INFO: Run Behavior\BuildLiteBehavior [ RunTime:0.000015s ]
INFO: [ app_init ] --END-- [ RunTime:0.000555s ]
ERR: 1062:Duplicate entry '18' for key 'PRIMARY'
 [ SQL语句 ] : UPDATE `think_blog` SET `id`='18',`title`='测试博客',`content`='<p>这是一篇测试博客</p>',`time`='1473441134',`cid`='4',`clink`=NULL WHERE (  18 )

[ 2016-09-10T01:14:16+08:00 ] ::1 /tp/admin.php/Admin/Blog/showchangeblog
INFO: [ app_init ] --START--
INFO: Run Behavior\BuildLiteBehavior [ RunTime:0.000015s ]
INFO: [ app_init ] --END-- [ RunTime:0.000576s ]
ERR: 1064:You have an error in your SQL syntax; check the manual that corresponds to your MySQL server version for the right syntax to use near 'AND  b.id IN (2)' at line 1
 [ SQL语句 ] : INSERT INTO think_blog_attr (bid,aid) SELECT a.id,b.id FROM think_blog AS a ,think_attribute AS b where a.id = AND  b.id IN (2) 

[ 2016-09-10T01:15:06+08:00 ] ::1 /tp/admin.php/Admin/Blog/showchangeblog
INFO: [ app_init ] --START--
INFO: Run Behavior\BuildLiteBehavior [ RunTime:0.000028s ]
INFO: [ app_init ] --END-- [ RunTime:0.000972s ]
ERR: Think\Model:relation方法不存在！

[ 2016-09-10T01:15:21+08:00 ] ::1 /tp/admin.php/Admin/Blog/showchangeblog
INFO: [ app_init ] --START--
INFO: Run Behavior\BuildLiteBehavior [ RunTime:0.000014s ]
INFO: [ app_init ] --END-- [ RunTime:0.000418s ]

[ 2016-09-10T01:15:22+08:00 ] ::1 /tp/admin.php/Admin/blog/index.html
INFO: [ app_init ] --START--
INFO: Run Behavior\BuildLiteBehavior [ RunTime:0.000016s ]
INFO: [ app_init ] --END-- [ RunTime:0.000452s ]

[ 2016-09-10T01:15:27+08:00 ] ::1 /tp/admin.php/Admin/Article/index
INFO: [ app_init ] --START--
INFO: Run Behavior\BuildLiteBehavior [ RunTime:0.000023s ]
INFO: [ app_init ] --END-- [ RunTime:0.000692s ]

[ 2016-09-10T01:15:27+08:00 ] ::1 /tp/admin.php/Admin/Article/index
INFO: [ app_init ] --START--
INFO: Run Behavior\BuildLiteBehavior [ RunTime:0.000023s ]
INFO: [ app_init ] --END-- [ RunTime:0.000765s ]

[ 2016-09-10T01:15:28+08:00 ] ::1 /tp/admin.php/Admin/Blog/index
INFO: [ app_init ] --START--
INFO: Run Behavior\BuildLiteBehavior [ RunTime:0.000016s ]
INFO: [ app_init ] --END-- [ RunTime:0.000501s ]

[ 2016-09-10T01:15:35+08:00 ] ::1 /tp/admin.php/Admin/Blog/index
INFO: [ app_init ] --START--
INFO: Run Behavior\BuildLiteBehavior [ RunTime:0.000042s ]
INFO: [ app_init ] --END-- [ RunTime:0.001185s ]

[ 2016-09-10T01:16:47+08:00 ] ::1 /tp/admin.php/Admin/Blog/showchangeblog
INFO: [ app_init ] --START--
INFO: Run Behavior\BuildLiteBehavior [ RunTime:0.000016s ]
INFO: [ app_init ] --END-- [ RunTime:0.000535s ]

[ 2016-09-10T01:16:49+08:00 ] ::1 /tp/admin.php/Admin/blog/index.html
INFO: [ app_init ] --START--
INFO: Run Behavior\BuildLiteBehavior [ RunTime:0.000016s ]
INFO: [ app_init ] --END-- [ RunTime:0.000436s ]

[ 2016-09-10T01:16:52+08:00 ] ::1 /tp/admin.php/Admin/blog/index.html
INFO: [ app_init ] --START--
INFO: Run Behavior\BuildLiteBehavior [ RunTime:0.000015s ]
INFO: [ app_init ] --END-- [ RunTime:0.000501s ]

[ 2016-09-10T01:16:53+08:00 ] ::1 /tp/admin.php/Admin/blog/index.html
INFO: [ app_init ] --START--
INFO: Run Behavior\BuildLiteBehavior [ RunTime:0.000015s ]
INFO: [ app_init ] --END-- [ RunTime:0.000446s ]

[ 2016-09-10T01:16:59+08:00 ] ::1 /tp/admin.php/Admin/Blog/showchangeblog
INFO: [ app_init ] --START--
INFO: Run Behavior\BuildLiteBehavior [ RunTime:0.000023s ]
INFO: [ app_init ] --END-- [ RunTime:0.000887s ]

[ 2016-09-10T01:17:00+08:00 ] ::1 /tp/admin.php/Admin/blog/index.html
INFO: [ app_init ] --START--
INFO: Run Behavior\BuildLiteBehavior [ RunTime:0.000016s ]
INFO: [ app_init ] --END-- [ RunTime:0.000553s ]

[ 2016-09-10T01:18:27+08:00 ] ::1 /tp/admin.php/Admin/Blog/changeblog/cblog_id/15.html
INFO: [ app_init ] --START--
INFO: Run Behavior\BuildLiteBehavior [ RunTime:0.000024s ]
INFO: [ app_init ] --END-- [ RunTime:0.000650s ]

[ 2016-09-10T01:19:13+08:00 ] ::1 /tp/admin.php/Admin/Blog/showchangeblog
INFO: [ app_init ] --START--
INFO: Run Behavior\BuildLiteBehavior [ RunTime:0.000021s ]
INFO: [ app_init ] --END-- [ RunTime:0.000775s ]

[ 2016-09-10T01:19:14+08:00 ] ::1 /tp/admin.php/Admin/blog/index.html
INFO: [ app_init ] --START--
INFO: Run Behavior\BuildLiteBehavior [ RunTime:0.000014s ]
INFO: [ app_init ] --END-- [ RunTime:0.000503s ]

[ 2016-09-10T01:19:21+08:00 ] ::1 /tp/admin.php/Admin/Blog/addblog
INFO: [ app_init ] --START--
INFO: Run Behavior\BuildLiteBehavior [ RunTime:0.000014s ]
INFO: [ app_init ] --END-- [ RunTime:0.000426s ]

[ 2016-09-10T01:19:22+08:00 ] ::1 /tp/admin.php/Admin/Blog/recoveryblog
INFO: [ app_init ] --START--
INFO: Run Behavior\BuildLiteBehavior [ RunTime:0.000014s ]
INFO: [ app_init ] --END-- [ RunTime:0.000419s ]

[ 2016-09-10T01:19:23+08:00 ] ::1 /tp/admin.php/Admin/Blog/index
INFO: [ app_init ] --START--
INFO: Run Behavior\BuildLiteBehavior [ RunTime:0.000015s ]
INFO: [ app_init ] --END-- [ RunTime:0.000470s ]

[ 2016-09-10T01:19:24+08:00 ] ::1 /tp/admin.php/Admin/Attribute/index
INFO: [ app_init ] --START--
INFO: Run Behavior\BuildLiteBehavior [ RunTime:0.000014s ]
INFO: [ app_init ] --END-- [ RunTime:0.000429s ]

[ 2016-09-10T01:19:25+08:00 ] ::1 /tp/admin.php/Admin/Attribute/add
INFO: [ app_init ] --START--
INFO: Run Behavior\BuildLiteBehavior [ RunTime:0.000017s ]
INFO: [ app_init ] --END-- [ RunTime:0.000469s ]

[ 2016-09-10T01:19:26+08:00 ] ::1 /tp/admin.php/Admin/Attribute/index
INFO: [ app_init ] --START--
INFO: Run Behavior\BuildLiteBehavior [ RunTime:0.000015s ]
INFO: [ app_init ] --END-- [ RunTime:0.000418s ]

[ 2016-09-10T01:19:27+08:00 ] ::1 /tp/admin.php/Admin/Attribute/add
INFO: [ app_init ] --START--
INFO: Run Behavior\BuildLiteBehavior [ RunTime:0.000015s ]
INFO: [ app_init ] --END-- [ RunTime:0.000426s ]

[ 2016-09-10T01:19:29+08:00 ] ::1 /tp/admin.php/Admin/Attribute/index
INFO: [ app_init ] --START--
INFO: Run Behavior\BuildLiteBehavior [ RunTime:0.000027s ]
INFO: [ app_init ] --END-- [ RunTime:0.000775s ]

[ 2016-09-10T01:19:36+08:00 ] ::1 /tp/admin.php/Admin/Attribute/add
INFO: [ app_init ] --START--
INFO: Run Behavior\BuildLiteBehavior [ RunTime:0.000015s ]
INFO: [ app_init ] --END-- [ RunTime:0.000426s ]

[ 2016-09-10T01:19:41+08:00 ] ::1 /tp/admin.php/Admin/Cate/typesort
INFO: [ app_init ] --START--
INFO: Run Behavior\BuildLiteBehavior [ RunTime:0.000025s ]
INFO: [ app_init ] --END-- [ RunTime:0.000721s ]

[ 2016-09-10T01:19:45+08:00 ] ::1 /tp/admin.php/Admin/Cate/add
INFO: [ app_init ] --START--
INFO: Run Behavior\BuildLiteBehavior [ RunTime:0.000015s ]
INFO: [ app_init ] --END-- [ RunTime:0.000429s ]

[ 2016-09-10T01:19:46+08:00 ] ::1 /tp/admin.php/Admin/Cate/typesort
INFO: [ app_init ] --START--
INFO: Run Behavior\BuildLiteBehavior [ RunTime:0.000022s ]
INFO: [ app_init ] --END-- [ RunTime:0.000615s ]

[ 2016-09-10T01:19:51+08:00 ] ::1 /tp/admin.php/Admin/Cate/add
INFO: [ app_init ] --START--
INFO: Run Behavior\BuildLiteBehavior [ RunTime:0.000015s ]
INFO: [ app_init ] --END-- [ RunTime:0.000444s ]

[ 2016-09-10T01:19:52+08:00 ] ::1 /tp/admin.php/Admin/Attribute/index
INFO: [ app_init ] --START--
INFO: Run Behavior\BuildLiteBehavior [ RunTime:0.000016s ]
INFO: [ app_init ] --END-- [ RunTime:0.000484s ]

[ 2016-09-10T01:19:53+08:00 ] ::1 /tp/admin.php/Admin/Attribute/add
INFO: [ app_init ] --START--
INFO: Run Behavior\BuildLiteBehavior [ RunTime:0.000015s ]
INFO: [ app_init ] --END-- [ RunTime:0.000470s ]

[ 2016-09-10T01:19:55+08:00 ] ::1 /tp/admin.php/Admin/Attribute/index
INFO: [ app_init ] --START--
INFO: Run Behavior\BuildLiteBehavior [ RunTime:0.000015s ]
INFO: [ app_init ] --END-- [ RunTime:0.000469s ]

[ 2016-09-10T01:19:58+08:00 ] ::1 /tp/admin.php/Admin/Attribute/add
INFO: [ app_init ] --START--
INFO: Run Behavior\BuildLiteBehavior [ RunTime:0.000015s ]
INFO: [ app_init ] --END-- [ RunTime:0.000454s ]

[ 2016-09-10T01:20:06+08:00 ] ::1 /tp/admin.php/Admin/Attribute/addAttribute
INFO: [ app_init ] --START--
INFO: Run Behavior\BuildLiteBehavior [ RunTime:0.000023s ]
INFO: [ app_init ] --END-- [ RunTime:0.000612s ]

[ 2016-09-10T01:20:10+08:00 ] ::1 /tp/admin.php/Admin/Attribute/index
INFO: [ app_init ] --START--
INFO: Run Behavior\BuildLiteBehavior [ RunTime:0.000021s ]
INFO: [ app_init ] --END-- [ RunTime:0.000619s ]

[ 2016-09-10T01:20:11+08:00 ] ::1 /tp/admin.php/Admin/Attribute/add
INFO: [ app_init ] --START--
INFO: Run Behavior\BuildLiteBehavior [ RunTime:0.000014s ]
INFO: [ app_init ] --END-- [ RunTime:0.000416s ]

[ 2016-09-10T01:20:12+08:00 ] ::1 /tp/admin.php/Admin/Attribute/index
INFO: [ app_init ] --START--
INFO: Run Behavior\BuildLiteBehavior [ RunTime:0.000015s ]
INFO: [ app_init ] --END-- [ RunTime:0.000436s ]

[ 2016-09-10T01:27:21+08:00 ] ::1 /tp/admin.php/Admin/Attribute/index
INFO: [ app_init ] --START--
INFO: Run Behavior\BuildLiteBehavior [ RunTime:0.000016s ]
INFO: [ app_init ] --END-- [ RunTime:0.000675s ]

[ 2016-09-10T01:27:22+08:00 ] ::1 /tp/admin.php/Admin/Attribute/add
INFO: [ app_init ] --START--
INFO: Run Behavior\BuildLiteBehavior [ RunTime:0.000014s ]
INFO: [ app_init ] --END-- [ RunTime:0.000421s ]

[ 2016-09-10T01:27:40+08:00 ] ::1 /tp/admin.php/Admin/Attribute/addAttribute
INFO: [ app_init ] --START--
INFO: Run Behavior\BuildLiteBehavior [ RunTime:0.000015s ]
INFO: [ app_init ] --END-- [ RunTime:0.000427s ]

[ 2016-09-10T01:28:32+08:00 ] ::1 /tp/admin.php/Admin/Attribute/addAttribute
INFO: [ app_init ] --START--
INFO: Run Behavior\BuildLiteBehavior [ RunTime:0.000015s ]
INFO: [ app_init ] --END-- [ RunTime:0.000458s ]

[ 2016-09-10T01:28:34+08:00 ] ::1 /tp/admin.php/Admin/Attribute/index.html
INFO: [ app_init ] --START--
INFO: Run Behavior\BuildLiteBehavior [ RunTime:0.000016s ]
INFO: [ app_init ] --END-- [ RunTime:0.000539s ]

[ 2016-09-10T01:28:43+08:00 ] ::1 /tp/admin.php/Admin/Blog/index
INFO: [ app_init ] --START--
INFO: Run Behavior\BuildLiteBehavior [ RunTime:0.000019s ]
INFO: [ app_init ] --END-- [ RunTime:0.000439s ]

[ 2016-09-10T01:28:44+08:00 ] ::1 /tp/admin.php/Admin/Blog/addblog
INFO: [ app_init ] --START--
INFO: Run Behavior\BuildLiteBehavior [ RunTime:0.000024s ]
INFO: [ app_init ] --END-- [ RunTime:0.000650s ]

