[ 2016-07-20T10:44:35+08:00 ] ::1 /tp/admin.php/admin/login/index
INFO: [ app_init ] --START--
INFO: Run Behavior\BuildLiteBehavior [ RunTime:0.000027s ]
INFO: [ app_init ] --END-- [ RunTime:0.013471s ]
INFO: [ app_begin ] --START--
INFO: Run Behavior\ReadHtmlCacheBehavior [ RunTime:0.028249s ]
INFO: [ app_begin ] --END-- [ RunTime:0.028331s ]
INFO: [ view_parse ] --START--
INFO: [ template_filter ] --START--
INFO: Run Behavior\ContentReplaceBehavior [ RunTime:0.000043s ]
INFO: [ template_filter ] --END-- [ RunTime:0.000106s ]
INFO: Run Behavior\ParseTemplateBehavior [ RunTime:0.163186s ]
INFO: [ view_parse ] --END-- [ RunTime:0.163292s ]
INFO: [ view_filter ] --START--
INFO: Run Behavior\WriteHtmlCacheBehavior [ RunTime:0.042185s ]
INFO: [ view_filter ] --END-- [ RunTime:0.042259s ]
INFO: [ app_end ] --START--
INFO: Run Behavior\ShowPageTraceBehavior [ RunTime:0.024550s ]
INFO: [ app_end ] --END-- [ RunTime:0.024614s ]

[ 2016-07-20T10:44:39+08:00 ] ::1 /tp/admin.php/Admin/Login/checkuser
INFO: [ app_init ] --START--
INFO: Run Behavior\BuildLiteBehavior [ RunTime:0.000014s ]
INFO: [ app_init ] --END-- [ RunTime:0.000417s ]
INFO: [ app_begin ] --START--
INFO: Run Behavior\ReadHtmlCacheBehavior [ RunTime:0.001023s ]
INFO: [ app_begin ] --END-- [ RunTime:0.001129s ]
SQL: SHOW COLUMNS FROM `think_user` [ RunTime:0.0010s ]
SQL: SHOW COLUMNS FROM `think_user` [ RunTime:0.0006s ]
NOTIC: [8] Undefined index: validate C:\AppServ\www\tp\ThinkPHP\Library\Think\Model.class.php 第 1185 行.
SQL: SELECT * FROM `think_user` WHERE `username` = 'd ' LIMIT 1   [ RunTime:0.0003s ]
NOTIC: [2] preg_match(): Delimiter must not be alphanumeric or backslash C:\AppServ\www\tp\ThinkPHP\Library\Think\Model.class.php 第 1117 行.
NOTIC: [8] Undefined index: validate C:\AppServ\www\tp\ThinkPHP\Library\Think\Model.class.php 第 1185 行.
SQL: SELECT * FROM `think_user` WHERE `username` = 'd ' LIMIT 1   [ RunTime:0.0002s ]
NOTIC: [2] preg_match(): Delimiter must not be alphanumeric or backslash C:\AppServ\www\tp\ThinkPHP\Library\Think\Model.class.php 第 1117 行.

[ 2016-07-20T11:10:53+08:00 ] ::1 /tp/admin.php/Admin/Login/checkuser
INFO: [ app_init ] --START--
INFO: Run Behavior\BuildLiteBehavior [ RunTime:0.000015s ]
INFO: [ app_init ] --END-- [ RunTime:0.000590s ]
INFO: [ app_begin ] --START--
INFO: Run Behavior\ReadHtmlCacheBehavior [ RunTime:0.001056s ]
INFO: [ app_begin ] --END-- [ RunTime:0.001111s ]
SQL: SHOW COLUMNS FROM `think_user` [ RunTime:0.0227s ]
SQL: SHOW COLUMNS FROM `think_user` [ RunTime:0.0008s ]
NOTIC: [8] Undefined index: validate C:\AppServ\www\tp\ThinkPHP\Library\Think\Model.class.php 第 1185 行.
SQL: SELECT * FROM `think_user` WHERE `username` = '大娃1' LIMIT 1   [ RunTime:0.0004s ]
NOTIC: [8] Undefined index: validate C:\AppServ\www\tp\ThinkPHP\Library\Think\Model.class.php 第 1185 行.
SQL: SELECT * FROM `think_user` WHERE `username` = '大娃1' LIMIT 1   [ RunTime:0.0002s ]

[ 2016-07-20T11:11:00+08:00 ] ::1 /tp/admin.php/Admin/Login/checkuser
INFO: [ app_init ] --START--
INFO: Run Behavior\BuildLiteBehavior [ RunTime:0.000014s ]
INFO: [ app_init ] --END-- [ RunTime:0.000414s ]
INFO: [ app_begin ] --START--
INFO: Run Behavior\ReadHtmlCacheBehavior [ RunTime:0.000664s ]
INFO: [ app_begin ] --END-- [ RunTime:0.000715s ]
SQL: SHOW COLUMNS FROM `think_user` [ RunTime:0.0010s ]
SQL: SHOW COLUMNS FROM `think_user` [ RunTime:0.0007s ]
NOTIC: [8] Undefined index: validate C:\AppServ\www\tp\ThinkPHP\Library\Think\Model.class.php 第 1185 行.
SQL: SELECT * FROM `think_user` WHERE `username` = '大娃2' LIMIT 1   [ RunTime:0.0003s ]
NOTIC: [2] preg_match(): Delimiter must not be alphanumeric or backslash C:\AppServ\www\tp\ThinkPHP\Library\Think\Model.class.php 第 1117 行.
NOTIC: [8] Undefined index: validate C:\AppServ\www\tp\ThinkPHP\Library\Think\Model.class.php 第 1185 行.
SQL: SELECT * FROM `think_user` WHERE `username` = '大娃2' LIMIT 1   [ RunTime:0.0003s ]
NOTIC: [2] preg_match(): Delimiter must not be alphanumeric or backslash C:\AppServ\www\tp\ThinkPHP\Library\Think\Model.class.php 第 1117 行.

[ 2016-07-20T11:11:05+08:00 ] ::1 /tp/admin.php/Admin/Login/checkuser
INFO: [ app_init ] --START--
INFO: Run Behavior\BuildLiteBehavior [ RunTime:0.000014s ]
INFO: [ app_init ] --END-- [ RunTime:0.000425s ]
INFO: [ app_begin ] --START--
INFO: Run Behavior\ReadHtmlCacheBehavior [ RunTime:0.000670s ]
INFO: [ app_begin ] --END-- [ RunTime:0.000721s ]
SQL: SHOW COLUMNS FROM `think_user` [ RunTime:0.0008s ]
SQL: SHOW COLUMNS FROM `think_user` [ RunTime:0.0006s ]
NOTIC: [8] Undefined index: validate C:\AppServ\www\tp\ThinkPHP\Library\Think\Model.class.php 第 1185 行.
SQL: SELECT * FROM `think_user` WHERE `username` = '大娃2' LIMIT 1   [ RunTime:0.0003s ]
NOTIC: [2] preg_match(): Delimiter must not be alphanumeric or backslash C:\AppServ\www\tp\ThinkPHP\Library\Think\Model.class.php 第 1117 行.
NOTIC: [8] Undefined index: validate C:\AppServ\www\tp\ThinkPHP\Library\Think\Model.class.php 第 1185 行.
SQL: SELECT * FROM `think_user` WHERE `username` = '大娃2' LIMIT 1   [ RunTime:0.0002s ]
NOTIC: [2] preg_match(): Delimiter must not be alphanumeric or backslash C:\AppServ\www\tp\ThinkPHP\Library\Think\Model.class.php 第 1117 行.

[ 2016-07-20T11:11:20+08:00 ] ::1 /tp/admin.php/Admin/Login/checkuser
INFO: [ app_init ] --START--
INFO: Run Behavior\BuildLiteBehavior [ RunTime:0.000015s ]
INFO: [ app_init ] --END-- [ RunTime:0.000525s ]
INFO: [ app_begin ] --START--
INFO: Run Behavior\ReadHtmlCacheBehavior [ RunTime:0.001190s ]
INFO: [ app_begin ] --END-- [ RunTime:0.001276s ]
SQL: SHOW COLUMNS FROM `think_user` [ RunTime:0.0010s ]
SQL: SHOW COLUMNS FROM `think_user` [ RunTime:0.0006s ]
NOTIC: [8] Undefined index: validate C:\AppServ\www\tp\ThinkPHP\Library\Think\Model.class.php 第 1185 行.
SQL: SELECT * FROM `think_user` WHERE `username` = '大娃2' LIMIT 1   [ RunTime:0.0003s ]
NOTIC: [8] Undefined index: auto C:\AppServ\www\tp\ThinkPHP\Library\Think\Model.class.php 第 1128 行.
NOTIC: [8] Undefined index: validate C:\AppServ\www\tp\ThinkPHP\Library\Think\Model.class.php 第 1185 行.
SQL: SELECT * FROM `think_user` WHERE `username` = '大娃2' LIMIT 1   [ RunTime:0.0003s ]
NOTIC: [8] Undefined index: auto C:\AppServ\www\tp\ThinkPHP\Library\Think\Model.class.php 第 1128 行.
SQL: INSERT INTO `think_user` (`username`,`password`) VALUES ('大娃2','c8a55d1ef5c229651af0d4b6ce520203') [ RunTime:0.1336s ]
INFO: [ app_end ] --START--
INFO: Run Behavior\ShowPageTraceBehavior [ RunTime:0.001133s ]
INFO: [ app_end ] --END-- [ RunTime:0.001189s ]

[ 2016-07-20T11:13:29+08:00 ] ::1 /tp/admin.php/Admin/Login/checkuser
INFO: [ app_init ] --START--
INFO: Run Behavior\BuildLiteBehavior [ RunTime:0.000020s ]
INFO: [ app_init ] --END-- [ RunTime:0.000708s ]
INFO: [ app_begin ] --START--
INFO: Run Behavior\ReadHtmlCacheBehavior [ RunTime:0.001005s ]
INFO: [ app_begin ] --END-- [ RunTime:0.001071s ]
SQL: SHOW COLUMNS FROM `think_user` [ RunTime:0.0009s ]
SQL: SHOW COLUMNS FROM `think_user` [ RunTime:0.0006s ]
NOTIC: [8] Undefined index: validate C:\AppServ\www\tp\ThinkPHP\Library\Think\Model.class.php 第 1185 行.
SQL: SELECT * FROM `think_user` WHERE `username` = '大娃2' LIMIT 1   [ RunTime:0.0003s ]
NOTIC: [8] Undefined index: validate C:\AppServ\www\tp\ThinkPHP\Library\Think\Model.class.php 第 1185 行.
SQL: SELECT * FROM `think_user` WHERE `username` = '大娃2' LIMIT 1   [ RunTime:0.0002s ]

[ 2016-07-20T11:13:42+08:00 ] ::1 /tp/admin.php/Admin/Login/checkuser
INFO: [ app_init ] --START--
INFO: Run Behavior\BuildLiteBehavior [ RunTime:0.000017s ]
INFO: [ app_init ] --END-- [ RunTime:0.000520s ]
INFO: [ app_begin ] --START--
INFO: Run Behavior\ReadHtmlCacheBehavior [ RunTime:0.000705s ]
INFO: [ app_begin ] --END-- [ RunTime:0.000763s ]
SQL: SHOW COLUMNS FROM `think_user` [ RunTime:0.0008s ]
SQL: SHOW COLUMNS FROM `think_user` [ RunTime:0.0006s ]
NOTIC: [8] Undefined index: validate C:\AppServ\www\tp\ThinkPHP\Library\Think\Model.class.php 第 1185 行.
SQL: SELECT * FROM `think_user` WHERE `username` = '大娃3' LIMIT 1   [ RunTime:0.0003s ]
NOTIC: [8] Undefined index: auto C:\AppServ\www\tp\ThinkPHP\Library\Think\Model.class.php 第 1128 行.
NOTIC: [8] Undefined index: validate C:\AppServ\www\tp\ThinkPHP\Library\Think\Model.class.php 第 1185 行.
SQL: SELECT * FROM `think_user` WHERE `username` = '大娃3' LIMIT 1   [ RunTime:0.0002s ]
NOTIC: [8] Undefined index: auto C:\AppServ\www\tp\ThinkPHP\Library\Think\Model.class.php 第 1128 行.
INFO: [ app_end ] --START--
INFO: Run Behavior\ShowPageTraceBehavior [ RunTime:0.001114s ]
INFO: [ app_end ] --END-- [ RunTime:0.001164s ]

[ 2016-07-20T21:35:55+08:00 ] ::1 /tp/admin.php/admin/login/index
INFO: [ app_init ] --START--
INFO: Run Behavior\BuildLiteBehavior [ RunTime:0.000028s ]
INFO: [ app_init ] --END-- [ RunTime:0.012349s ]
INFO: [ app_begin ] --START--
INFO: Run Behavior\ReadHtmlCacheBehavior [ RunTime:0.052757s ]
INFO: [ app_begin ] --END-- [ RunTime:0.052891s ]
INFO: [ view_parse ] --START--
INFO: [ template_filter ] --START--
INFO: Run Behavior\ContentReplaceBehavior [ RunTime:0.000043s ]
INFO: [ template_filter ] --END-- [ RunTime:0.000109s ]
INFO: Run Behavior\ParseTemplateBehavior [ RunTime:0.328757s ]
INFO: [ view_parse ] --END-- [ RunTime:0.328867s ]
INFO: [ view_filter ] --START--
INFO: Run Behavior\WriteHtmlCacheBehavior [ RunTime:0.032264s ]
INFO: [ view_filter ] --END-- [ RunTime:0.032337s ]
INFO: [ app_end ] --START--
INFO: Run Behavior\ShowPageTraceBehavior [ RunTime:0.067407s ]
INFO: [ app_end ] --END-- [ RunTime:0.067483s ]

[ 2016-07-20T21:36:05+08:00 ] ::1 /tp/admin.php/Admin/Login/checkuser
INFO: [ app_init ] --START--
INFO: Run Behavior\BuildLiteBehavior [ RunTime:0.000024s ]
INFO: [ app_init ] --END-- [ RunTime:0.000813s ]
INFO: [ app_begin ] --START--
INFO: Run Behavior\ReadHtmlCacheBehavior [ RunTime:0.000787s ]
INFO: [ app_begin ] --END-- [ RunTime:0.000850s ]
SQL: SHOW COLUMNS FROM `think_user` [ RunTime:0.0365s ]
SQL: SHOW COLUMNS FROM `think_user` [ RunTime:0.0008s ]
NOTIC: [8] Undefined variable: user C:\AppServ\www\tp\Application\Admin\Controller\LoginController.class.php 第 12 行.

[ 2016-07-20T21:37:27+08:00 ] ::1 /tp/admin.php/Admin/Login/checkuser
INFO: [ app_init ] --START--
INFO: Run Behavior\BuildLiteBehavior [ RunTime:0.000021s ]
INFO: [ app_init ] --END-- [ RunTime:0.000625s ]
INFO: [ app_begin ] --START--
INFO: Run Behavior\ReadHtmlCacheBehavior [ RunTime:0.001136s ]
INFO: [ app_begin ] --END-- [ RunTime:0.001237s ]
SQL: SHOW COLUMNS FROM `think_user` [ RunTime:0.0020s ]
SQL: SHOW COLUMNS FROM `think_user` [ RunTime:0.0012s ]
INFO: [ app_end ] --START--
INFO: Run Behavior\ShowPageTraceBehavior [ RunTime:0.001681s ]
INFO: [ app_end ] --END-- [ RunTime:0.001781s ]

[ 2016-07-20T21:38:23+08:00 ] ::1 /tp/admin.php/Admin/Login/checkuser
INFO: [ app_init ] --START--
INFO: Run Behavior\BuildLiteBehavior [ RunTime:0.000027s ]
INFO: [ app_init ] --END-- [ RunTime:0.000943s ]
INFO: [ app_begin ] --START--
INFO: Run Behavior\ReadHtmlCacheBehavior [ RunTime:0.001825s ]
INFO: [ app_begin ] --END-- [ RunTime:0.001940s ]
SQL: SHOW COLUMNS FROM `think_user` [ RunTime:0.0408s ]
SQL: SHOW COLUMNS FROM `think_user` [ RunTime:0.0007s ]
INFO: [ app_end ] --START--
INFO: Run Behavior\ShowPageTraceBehavior [ RunTime:0.001598s ]
INFO: [ app_end ] --END-- [ RunTime:0.001689s ]

[ 2016-07-20T21:38:49+08:00 ] ::1 /tp/admin.php/Admin/Login/checkuser
INFO: [ app_init ] --START--
INFO: Run Behavior\BuildLiteBehavior [ RunTime:0.000017s ]
INFO: [ app_init ] --END-- [ RunTime:0.000656s ]
INFO: [ app_begin ] --START--
INFO: Run Behavior\ReadHtmlCacheBehavior [ RunTime:0.000886s ]
INFO: [ app_begin ] --END-- [ RunTime:0.000964s ]
SQL: SHOW COLUMNS FROM `think_user` [ RunTime:0.0011s ]
SQL: SHOW COLUMNS FROM `think_user` [ RunTime:0.0007s ]
SQL: SELECT * FROM `think_user` WHERE `username` = '大娃' AND `password` = 'dawa'  [ RunTime:0.0005s ]
NOTIC: [8] Array to string conversion C:\AppServ\www\tp\Application\Admin\Model\UserModel.class.php 第 20 行.
INFO: [ app_end ] --START--
INFO: Run Behavior\ShowPageTraceBehavior [ RunTime:0.000920s ]
INFO: [ app_end ] --END-- [ RunTime:0.000977s ]

[ 2016-07-20T21:39:01+08:00 ] ::1 /tp/admin.php/Admin/Login/checkuser
INFO: [ app_init ] --START--
INFO: Run Behavior\BuildLiteBehavior [ RunTime:0.000023s ]
INFO: [ app_init ] --END-- [ RunTime:0.000748s ]
INFO: [ app_begin ] --START--
INFO: Run Behavior\ReadHtmlCacheBehavior [ RunTime:0.000765s ]
INFO: [ app_begin ] --END-- [ RunTime:0.000832s ]
SQL: SHOW COLUMNS FROM `think_user` [ RunTime:0.0872s ]
SQL: SHOW COLUMNS FROM `think_user` [ RunTime:0.0007s ]
SQL: SELECT * FROM `think_user` WHERE `username` = '大娃发' AND `password` = ''  [ RunTime:0.0722s ]
NOTIC: [8] Array to string conversion C:\AppServ\www\tp\Application\Admin\Model\UserModel.class.php 第 20 行.
INFO: [ app_end ] --START--
INFO: Run Behavior\ShowPageTraceBehavior [ RunTime:0.000915s ]
INFO: [ app_end ] --END-- [ RunTime:0.000963s ]

[ 2016-07-20T21:39:08+08:00 ] ::1 /tp/admin.php/Admin/Login/checkuser
INFO: [ app_init ] --START--
INFO: Run Behavior\BuildLiteBehavior [ RunTime:0.000024s ]
INFO: [ app_init ] --END-- [ RunTime:0.000748s ]
INFO: [ app_begin ] --START--
INFO: Run Behavior\ReadHtmlCacheBehavior [ RunTime:0.001086s ]
INFO: [ app_begin ] --END-- [ RunTime:0.001187s ]
SQL: SHOW COLUMNS FROM `think_user` [ RunTime:0.0008s ]
SQL: SHOW COLUMNS FROM `think_user` [ RunTime:0.0006s ]
SQL: SELECT * FROM `think_user` WHERE `username` = '大娃' AND `password` = ''  [ RunTime:0.0003s ]
NOTIC: [8] Array to string conversion C:\AppServ\www\tp\Application\Admin\Model\UserModel.class.php 第 20 行.
INFO: [ app_end ] --START--
INFO: Run Behavior\ShowPageTraceBehavior [ RunTime:0.000856s ]
INFO: [ app_end ] --END-- [ RunTime:0.000904s ]

[ 2016-07-20T21:39:33+08:00 ] ::1 /tp/admin.php/Admin/Login/checkuser
INFO: [ app_init ] --START--
INFO: Run Behavior\BuildLiteBehavior [ RunTime:0.000017s ]
INFO: [ app_init ] --END-- [ RunTime:0.000591s ]
INFO: [ app_begin ] --START--
INFO: Run Behavior\ReadHtmlCacheBehavior [ RunTime:0.001054s ]
INFO: [ app_begin ] --END-- [ RunTime:0.001152s ]
SQL: SHOW COLUMNS FROM `think_user` [ RunTime:0.0466s ]
SQL: SHOW COLUMNS FROM `think_user` [ RunTime:0.0012s ]
SQL: SELECT * FROM `think_user` WHERE `username` = '大娃' AND `password` = 'd'  [ RunTime:0.0004s ]
NOTIC: [8] Undefined index: username C:\AppServ\www\tp\Application\Admin\Model\UserModel.class.php 第 20 行.
INFO: [ app_end ] --START--
INFO: Run Behavior\ShowPageTraceBehavior [ RunTime:0.001130s ]
INFO: [ app_end ] --END-- [ RunTime:0.001200s ]

[ 2016-07-20T21:39:51+08:00 ] ::1 /tp/admin.php/Admin/Login/checkuser
INFO: [ app_init ] --START--
INFO: Run Behavior\BuildLiteBehavior [ RunTime:0.000022s ]
INFO: [ app_init ] --END-- [ RunTime:0.000522s ]
INFO: [ app_begin ] --START--
INFO: Run Behavior\ReadHtmlCacheBehavior [ RunTime:0.000947s ]
INFO: [ app_begin ] --END-- [ RunTime:0.001032s ]
SQL: SHOW COLUMNS FROM `think_user` [ RunTime:0.0013s ]
SQL: SHOW COLUMNS FROM `think_user` [ RunTime:0.0010s ]
SQL: SELECT * FROM `think_user` WHERE `username` = '大娃' AND `password` = ' d'  [ RunTime:0.0005s ]
NOTIC: [8] Use of undefined constant username - assumed 'username' C:\AppServ\www\tp\Application\Admin\Model\UserModel.class.php 第 20 行.
NOTIC: [8] Undefined index: username C:\AppServ\www\tp\Application\Admin\Model\UserModel.class.php 第 20 行.
INFO: [ app_end ] --START--
INFO: Run Behavior\ShowPageTraceBehavior [ RunTime:0.001024s ]
INFO: [ app_end ] --END-- [ RunTime:0.001096s ]

[ 2016-07-20T21:40:18+08:00 ] ::1 /tp/admin.php/Admin/Login/checkuser
INFO: [ app_init ] --START--
INFO: Run Behavior\BuildLiteBehavior [ RunTime:0.000025s ]
INFO: [ app_init ] --END-- [ RunTime:0.000724s ]
INFO: [ app_begin ] --START--
INFO: Run Behavior\ReadHtmlCacheBehavior [ RunTime:0.001005s ]
INFO: [ app_begin ] --END-- [ RunTime:0.001087s ]
SQL: SHOW COLUMNS FROM `think_user` [ RunTime:0.0015s ]
SQL: SHOW COLUMNS FROM `think_user` [ RunTime:0.0009s ]
SQL: SELECT * FROM `think_user` WHERE `username` = '大娃' AND `password` = 'f'  [ RunTime:0.0004s ]
NOTIC: [8] Undefined index: 大娃 C:\AppServ\www\tp\Application\Admin\Model\UserModel.class.php 第 20 行.
INFO: [ app_end ] --START--
INFO: Run Behavior\ShowPageTraceBehavior [ RunTime:0.001277s ]
INFO: [ app_end ] --END-- [ RunTime:0.001357s ]

[ 2016-07-20T21:40:31+08:00 ] ::1 /tp/admin.php/Admin/Login/checkuser
INFO: [ app_init ] --START--
INFO: Run Behavior\BuildLiteBehavior [ RunTime:0.000018s ]
INFO: [ app_init ] --END-- [ RunTime:0.000566s ]
INFO: [ app_begin ] --START--
INFO: Run Behavior\ReadHtmlCacheBehavior [ RunTime:0.001335s ]
INFO: [ app_begin ] --END-- [ RunTime:0.001408s ]
SQL: SHOW COLUMNS FROM `think_user` [ RunTime:0.0294s ]
SQL: SHOW COLUMNS FROM `think_user` [ RunTime:0.0007s ]
SQL: SELECT * FROM `think_user` WHERE `username` = '大娃' AND `password` = 'f'  [ RunTime:0.0004s ]
NOTIC: [8] Undefined index: 大娃 C:\AppServ\www\tp\Application\Admin\Model\UserModel.class.php 第 19 行.
INFO: [ app_end ] --START--
INFO: Run Behavior\ShowPageTraceBehavior [ RunTime:0.001631s ]
INFO: [ app_end ] --END-- [ RunTime:0.001717s ]

[ 2016-07-20T21:40:54+08:00 ] ::1 /tp/admin.php/Admin/Login/checkuser
INFO: [ app_init ] --START--
INFO: Run Behavior\BuildLiteBehavior [ RunTime:0.000018s ]
INFO: [ app_init ] --END-- [ RunTime:0.000503s ]
INFO: [ app_begin ] --START--
INFO: Run Behavior\ReadHtmlCacheBehavior [ RunTime:0.000716s ]
INFO: [ app_begin ] --END-- [ RunTime:0.000776s ]
SQL: SHOW COLUMNS FROM `think_user` [ RunTime:0.0010s ]
SQL: SHOW COLUMNS FROM `think_user` [ RunTime:0.0011s ]
SQL: SELECT * FROM `think_user` WHERE `username` = '大娃' AND `password` = 'f'  [ RunTime:0.0005s ]
NOTIC: [8] Undefined index: $username C:\AppServ\www\tp\Application\Admin\Model\UserModel.class.php 第 19 行.
INFO: [ app_end ] --START--
INFO: Run Behavior\ShowPageTraceBehavior [ RunTime:0.001212s ]
INFO: [ app_end ] --END-- [ RunTime:0.001272s ]

[ 2016-07-20T21:41:52+08:00 ] ::1 /tp/admin.php/Admin/Login/checkuser
INFO: [ app_init ] --START--
INFO: Run Behavior\BuildLiteBehavior [ RunTime:0.000022s ]
INFO: [ app_init ] --END-- [ RunTime:0.000676s ]
INFO: [ app_begin ] --START--
INFO: Run Behavior\ReadHtmlCacheBehavior [ RunTime:0.001338s ]
INFO: [ app_begin ] --END-- [ RunTime:0.001438s ]
SQL: SHOW COLUMNS FROM `think_user` [ RunTime:0.0011s ]
SQL: SHOW COLUMNS FROM `think_user` [ RunTime:0.0008s ]
SQL: SELECT * FROM `think_user` WHERE `username` = '大娃' AND `password` = '\'||1=1\''  [ RunTime:0.0866s ]
NOTIC: [8] Undefined index: $username C:\AppServ\www\tp\Application\Admin\Model\UserModel.class.php 第 19 行.
INFO: [ app_end ] --START--
INFO: Run Behavior\ShowPageTraceBehavior [ RunTime:0.000930s ]
INFO: [ app_end ] --END-- [ RunTime:0.000982s ]

