[ 2016-10-19T14:38:31+08:00 ] ::1 /tp/admin.php/Admin/Article/index
INFO: [ app_init ] --START--
INFO: Run Behavior\BuildLiteBehavior [ RunTime:0.000018s ]
INFO: [ app_init ] --END-- [ RunTime:0.039351s ]

[ 2016-10-19T14:38:33+08:00 ] ::1 /tp/admin.php/Admin/Blog/index
INFO: [ app_init ] --START--
INFO: Run Behavior\BuildLiteBehavior [ RunTime:0.000018s ]
INFO: [ app_init ] --END-- [ RunTime:0.001215s ]

[ 2016-10-19T14:38:36+08:00 ] ::1 /tp/admin.php/Admin/Blog/index
INFO: [ app_init ] --START--
INFO: Run Behavior\BuildLiteBehavior [ RunTime:0.000015s ]
INFO: [ app_init ] --END-- [ RunTime:0.000633s ]

[ 2016-10-19T14:38:39+08:00 ] ::1 /tp/admin.php/Admin/Blog/addblog
INFO: [ app_init ] --START--
INFO: Run Behavior\BuildLiteBehavior [ RunTime:0.000014s ]
INFO: [ app_init ] --END-- [ RunTime:0.000450s ]

[ 2016-10-19T14:39:01+08:00 ] ::1 /tp/admin.php/Admin/Attribute/index
INFO: [ app_init ] --START--
INFO: Run Behavior\BuildLiteBehavior [ RunTime:0.000016s ]
INFO: [ app_init ] --END-- [ RunTime:0.000464s ]

[ 2016-10-19T14:39:02+08:00 ] ::1 /tp/admin.php/Admin/Attribute/add
INFO: [ app_init ] --START--
INFO: Run Behavior\BuildLiteBehavior [ RunTime:0.000014s ]
INFO: [ app_init ] --END-- [ RunTime:0.000439s ]

[ 2016-10-19T14:39:04+08:00 ] ::1 /tp/admin.php/Admin/Cate/typesort
INFO: [ app_init ] --START--
INFO: Run Behavior\BuildLiteBehavior [ RunTime:0.000014s ]
INFO: [ app_init ] --END-- [ RunTime:0.000439s ]

[ 2016-10-19T14:39:21+08:00 ] ::1 /tp/admin.php/Admin/Cate/add/cate_id/2.html
INFO: [ app_init ] --START--
INFO: Run Behavior\BuildLiteBehavior [ RunTime:0.000016s ]
INFO: [ app_init ] --END-- [ RunTime:0.000486s ]

[ 2016-10-19T14:39:32+08:00 ] ::1 /tp/admin.php/Admin/Cate/addcate
INFO: [ app_init ] --START--
INFO: Run Behavior\BuildLiteBehavior [ RunTime:0.000015s ]
INFO: [ app_init ] --END-- [ RunTime:0.000444s ]

[ 2016-10-19T14:39:33+08:00 ] ::1 /tp/admin.php/Admin/Cate/add/cate_id/2.html
INFO: [ app_init ] --START--
INFO: Run Behavior\BuildLiteBehavior [ RunTime:0.000027s ]
INFO: [ app_init ] --END-- [ RunTime:0.000787s ]

[ 2016-10-19T14:39:35+08:00 ] ::1 /tp/admin.php/Admin/Attribute/index
INFO: [ app_init ] --START--
INFO: Run Behavior\BuildLiteBehavior [ RunTime:0.000015s ]
INFO: [ app_init ] --END-- [ RunTime:0.000459s ]

[ 2016-10-19T14:39:36+08:00 ] ::1 /tp/admin.php/Admin/Attribute/add
INFO: [ app_init ] --START--
INFO: Run Behavior\BuildLiteBehavior [ RunTime:0.000015s ]
INFO: [ app_init ] --END-- [ RunTime:0.000458s ]

[ 2016-10-19T14:39:37+08:00 ] ::1 /tp/admin.php/Admin/Blog/index
INFO: [ app_init ] --START--
INFO: Run Behavior\BuildLiteBehavior [ RunTime:0.000015s ]
INFO: [ app_init ] --END-- [ RunTime:0.000457s ]

[ 2016-10-19T14:39:38+08:00 ] ::1 /tp/admin.php/Admin/Blog/addblog
INFO: [ app_init ] --START--
INFO: Run Behavior\BuildLiteBehavior [ RunTime:0.000014s ]
INFO: [ app_init ] --END-- [ RunTime:0.000434s ]

